[ 2019-07-17T14:26:52+08:00 ][ sql ] [ DB ] CONNECT:[ UseTime:0.011568s ] mysql:host=127.0.0.1;dbname=fastadmin;charset=utf8
[ 2019-07-17T14:26:52+08:00 ][ sql ] [ SQL ] SHOW TABLE STATUS LIKE 'down' [ RunTime:0.001085s ]
[ 2019-07-17T14:26:52+08:00 ][ sql ] [ SQL ] SHOW TABLE STATUS LIKE 'fa_down' [ RunTime:0.001770s ]
[ 2019-07-17T14:26:52+08:00 ][ sql ] [ SQL ] SELECT * FROM `information_schema`.`columns` WHERE TABLE_SCHEMA = 'fastadmin' AND table_name = 'fa_down' ORDER BY ORDINAL_POSITION [ RunTime:0.008257s ]
[ 2019-07-17T14:30:28+08:00 ][ sql ] [ DB ] CONNECT:[ UseTime:0.009789s ] mysql:host=127.0.0.1;dbname=fastadmin;charset=utf8
[ 2019-07-17T14:30:28+08:00 ][ sql ] [ SQL ] SHOW COLUMNS FROM `fa_auth_rule` [ RunTime:0.008511s ]
[ 2019-07-17T14:30:28+08:00 ][ sql ] [ SQL ] SELECT * FROM `fa_auth_rule` WHERE  `name` = 'down' LIMIT 1 [ RunTime:0.000446s ]
[ 2019-07-17T14:30:28+08:00 ][ sql ] [ SQL ] INSERT INTO `fa_auth_rule` (`pid` , `name` , `title` , `icon` , `remark` , `ismenu` , `status` , `createtime` , `updatetime`) VALUES (0 , 'down' , '源码下载管理' , 'fa fa-circle-o' , '' , 1 , 'normal' , 1563345028 , 1563345028) [ RunTime:0.012870s ]
[ 2019-07-17T14:30:28+08:00 ][ sql ] [ SQL ] SELECT `id` FROM `fa_auth_rule` WHERE  `name` = 'down/index' LIMIT 1 [ RunTime:0.000356s ]
[ 2019-07-17T14:30:28+08:00 ][ sql ] [ SQL ] SELECT `id` FROM `fa_auth_rule` WHERE  `name` = 'down/add' LIMIT 1 [ RunTime:0.000388s ]
[ 2019-07-17T14:30:28+08:00 ][ sql ] [ SQL ] SELECT `id` FROM `fa_auth_rule` WHERE  `name` = 'down/edit' LIMIT 1 [ RunTime:0.000366s ]
[ 2019-07-17T14:30:28+08:00 ][ sql ] [ SQL ] SELECT `id` FROM `fa_auth_rule` WHERE  `name` = 'down/del' LIMIT 1 [ RunTime:0.000295s ]
[ 2019-07-17T14:30:28+08:00 ][ sql ] [ SQL ] SELECT `id` FROM `fa_auth_rule` WHERE  `name` = 'down/multi' LIMIT 1 [ RunTime:0.000302s ]
[ 2019-07-17T14:30:28+08:00 ][ sql ] [ SQL ] INSERT INTO `fa_auth_rule` (`id` , `pid` , `name` , `icon` , `title` , `ismenu` , `status` , `createtime` , `updatetime`) VALUES (NULL , 85 , 'down/index' , 'fa fa-circle-o' , '查看' , 0 , 'normal' , 1563345028 , 1563345028) [ RunTime:0.000333s ]
[ 2019-07-17T14:30:28+08:00 ][ sql ] [ SQL ] INSERT INTO `fa_auth_rule` (`id` , `pid` , `name` , `icon` , `title` , `ismenu` , `status` , `createtime` , `updatetime`) VALUES (NULL , 85 , 'down/add' , 'fa fa-circle-o' , '添加' , 0 , 'normal' , 1563345028 , 1563345028) [ RunTime:0.000283s ]
[ 2019-07-17T14:30:28+08:00 ][ sql ] [ SQL ] INSERT INTO `fa_auth_rule` (`id` , `pid` , `name` , `icon` , `title` , `ismenu` , `status` , `createtime` , `updatetime`) VALUES (NULL , 85 , 'down/edit' , 'fa fa-circle-o' , '编辑' , 0 , 'normal' , 1563345028 , 1563345028) [ RunTime:0.000315s ]
[ 2019-07-17T14:30:28+08:00 ][ sql ] [ SQL ] INSERT INTO `fa_auth_rule` (`id` , `pid` , `name` , `icon` , `title` , `ismenu` , `status` , `createtime` , `updatetime`) VALUES (NULL , 85 , 'down/del' , 'fa fa-circle-o' , '删除' , 0 , 'normal' , 1563345028 , 1563345028) [ RunTime:0.000278s ]
[ 2019-07-17T14:30:28+08:00 ][ sql ] [ SQL ] INSERT INTO `fa_auth_rule` (`id` , `pid` , `name` , `icon` , `title` , `ismenu` , `status` , `createtime` , `updatetime`) VALUES (NULL , 85 , 'down/multi' , 'fa fa-circle-o' , '批量更新' , 0 , 'normal' , 1563345028 , 1563345028) [ RunTime:0.000278s ]
[ 2019-07-17T15:12:41+08:00 ][ sql ] [ DB ] CONNECT:[ UseTime:0.010309s ] mysql:host=127.0.0.1;dbname=fastadmin;charset=utf8
[ 2019-07-17T15:12:41+08:00 ][ sql ] [ SQL ] SHOW TABLE STATUS LIKE 'test1' [ RunTime:0.001022s ]
[ 2019-07-17T15:12:41+08:00 ][ sql ] [ SQL ] SHOW TABLE STATUS LIKE 'fa_test1' [ RunTime:0.000857s ]
[ 2019-07-17T15:12:41+08:00 ][ sql ] [ SQL ] SELECT * FROM `information_schema`.`columns` WHERE TABLE_SCHEMA = 'fastadmin' AND table_name = 'fa_test1' ORDER BY ORDINAL_POSITION [ RunTime:0.008375s ]
[ 2019-07-17T15:12:50+08:00 ][ sql ] [ DB ] CONNECT:[ UseTime:0.009798s ] mysql:host=127.0.0.1;dbname=fastadmin;charset=utf8
[ 2019-07-17T15:12:50+08:00 ][ sql ] [ SQL ] SHOW COLUMNS FROM `fa_auth_rule` [ RunTime:0.008335s ]
[ 2019-07-17T15:12:50+08:00 ][ sql ] [ SQL ] SELECT * FROM `fa_auth_rule` WHERE  `name` = 'test1' LIMIT 1 [ RunTime:0.000457s ]
[ 2019-07-17T15:12:50+08:00 ][ sql ] [ SQL ] INSERT INTO `fa_auth_rule` (`pid` , `name` , `title` , `icon` , `remark` , `ismenu` , `status` , `createtime` , `updatetime`) VALUES (0 , 'test1' , '作品' , 'fa fa-circle-o' , '' , 1 , 'normal' , 1563347570 , 1563347570) [ RunTime:0.002095s ]
[ 2019-07-17T15:12:50+08:00 ][ sql ] [ SQL ] SELECT `id` FROM `fa_auth_rule` WHERE  `name` = 'test1/index' LIMIT 1 [ RunTime:0.000312s ]
[ 2019-07-17T15:12:50+08:00 ][ sql ] [ SQL ] SELECT `id` FROM `fa_auth_rule` WHERE  `name` = 'test1/add' LIMIT 1 [ RunTime:0.000300s ]
[ 2019-07-17T15:12:50+08:00 ][ sql ] [ SQL ] SELECT `id` FROM `fa_auth_rule` WHERE  `name` = 'test1/edit' LIMIT 1 [ RunTime:0.000275s ]
[ 2019-07-17T15:12:50+08:00 ][ sql ] [ SQL ] SELECT `id` FROM `fa_auth_rule` WHERE  `name` = 'test1/del' LIMIT 1 [ RunTime:0.000321s ]
[ 2019-07-17T15:12:50+08:00 ][ sql ] [ SQL ] SELECT `id` FROM `fa_auth_rule` WHERE  `name` = 'test1/multi' LIMIT 1 [ RunTime:0.000309s ]
[ 2019-07-17T15:12:50+08:00 ][ sql ] [ SQL ] INSERT INTO `fa_auth_rule` (`id` , `pid` , `name` , `icon` , `title` , `ismenu` , `status` , `createtime` , `updatetime`) VALUES (NULL , 91 , 'test1/index' , 'fa fa-circle-o' , '查看' , 0 , 'normal' , 1563347570 , 1563347570) [ RunTime:0.000348s ]
[ 2019-07-17T15:12:50+08:00 ][ sql ] [ SQL ] INSERT INTO `fa_auth_rule` (`id` , `pid` , `name` , `icon` , `title` , `ismenu` , `status` , `createtime` , `updatetime`) VALUES (NULL , 91 , 'test1/add' , 'fa fa-circle-o' , '添加' , 0 , 'normal' , 1563347570 , 1563347570) [ RunTime:0.000310s ]
[ 2019-07-17T15:12:50+08:00 ][ sql ] [ SQL ] INSERT INTO `fa_auth_rule` (`id` , `pid` , `name` , `icon` , `title` , `ismenu` , `status` , `createtime` , `updatetime`) VALUES (NULL , 91 , 'test1/edit' , 'fa fa-circle-o' , '编辑' , 0 , 'normal' , 1563347570 , 1563347570) [ RunTime:0.000302s ]
[ 2019-07-17T15:12:50+08:00 ][ sql ] [ SQL ] INSERT INTO `fa_auth_rule` (`id` , `pid` , `name` , `icon` , `title` , `ismenu` , `status` , `createtime` , `updatetime`) VALUES (NULL , 91 , 'test1/del' , 'fa fa-circle-o' , '删除' , 0 , 'normal' , 1563347570 , 1563347570) [ RunTime:0.000317s ]
[ 2019-07-17T15:12:50+08:00 ][ sql ] [ SQL ] INSERT INTO `fa_auth_rule` (`id` , `pid` , `name` , `icon` , `title` , `ismenu` , `status` , `createtime` , `updatetime`) VALUES (NULL , 91 , 'test1/multi' , 'fa fa-circle-o' , '批量更新' , 0 , 'normal' , 1563347570 , 1563347570) [ RunTime:0.000309s ]
