---------------------------------------------------------------
[ 2019-07-21T20:07:05+08:00 ] 127.0.0.1 POST fastadmin.com/index/user/login.html
[运行时间：0.166168s] [吞吐率：6.02req/s] [内存消耗：3,347.42kb] [文件加载：135]
[ info ] [ BEHAVIOR ] Run Closure @app_init [ RunTime:0.000018s ]
[ info ] [ CACHE ] INIT File
[ info ] [ BEHAVIOR ] Run Closure @app_init [ RunTime:0.005217s ]
[ info ] [ LANG ] C:\Users\hack\Desktop\fastadmin\thinkphp\lang\zh-cn.php
[ info ] [ ROUTE ] array (
  'type' => 'module',
  'module' => 
  array (
    0 => 'index',
    1 => 'user',
    2 => 'login',
  ),
)
[ info ] [ HEADER ] array (
  'cookie' => 'PHPSESSID=6n4fam4hi2nl2uns1iqmsi1s0j',
  'accept-language' => 'zh-CN,zh;q=0.9',
  'accept-encoding' => 'gzip, deflate',
  'referer' => 'http://fastadmin.com/index/user/login.html',
  'content-type' => 'application/x-www-form-urlencoded; charset=UTF-8',
  'user-agent' => 'Mozilla/5.0 (Windows NT 10.0; Win64; x64) AppleWebKit/537.36 (KHTML, like Gecko) Chrome/75.0.3770.100 Safari/537.36',
  'x-requested-with' => 'XMLHttpRequest',
  'origin' => 'http://fastadmin.com',
  'accept' => 'application/json, text/javascript, */*; q=0.01',
  'content-length' => '143',
  'connection' => 'close',
  'host' => 'fastadmin.com',
)
[ info ] [ PARAM ] array (
  'url' => 'http://fastadmin.com/index/user/index.html',
  '__token__' => '824ae6f9eb064439c895c62491eda83b',
  'account' => 'admin',
  'password' => '123456',
  'keeplogin' => '1',
)
[ info ] [ LANG ] C:\Users\hack\Desktop\fastadmin\public/../application/index\lang\zh-cn.php
[ info ] [ BEHAVIOR ] Run app\common\behavior\Common @module_init [ RunTime:0.002379s ]
[ info ] [ DB ] INIT mysql
[ info ] [ LANG ] C:\Users\hack\Desktop\fastadmin\public/../application/index/lang/zh-cn/user.php
[ info ] [ RUN ] app\index\controller\User->login[ C:\Users\hack\Desktop\fastadmin\application\index\controller\User.php ]
[ info ] [ SESSION ] INIT array (
  'id' => '',
  'var_session_id' => '',
  'prefix' => 'think',
  'type' => '',
  'auto_start' => true,
)
[ info ] [ TOKEN ] INIT Mysql
[ info ] [ BEHAVIOR ] Run Closure @user_login_successed [ RunTime:0.000419s ]
[ info ] [ LOG ] INIT File
[ sql ] [ DB ] CONNECT:[ UseTime:0.002938s ] mysql:host=127.0.0.1;dbname=fastadmin;charset=utf8
[ sql ] [ SQL ] SHOW COLUMNS FROM `fa_category` [ RunTime:0.012046s ]
[ sql ] [ SQL ] SELECT * FROM `fa_category` WHERE  `pid` = 0 [ RunTime:0.000559s ]
[ sql ] [ SQL ] SHOW COLUMNS FROM `fa_user` [ RunTime:0.013192s ]
[ sql ] [ SQL ] SELECT * FROM `fa_user` WHERE  `username` = 'admin' LIMIT 1 [ RunTime:0.001251s ]
[ sql ] [ SQL ] SELECT * FROM `fa_user` WHERE  `id` = 1 LIMIT 1 [ RunTime:0.000538s ]
[ sql ] [ SQL ] UPDATE `fa_user`  SET `prevtime`=1563182501,`logintime`=1563710825,`updatetime`=1563710825  WHERE  `id` = 1 [ RunTime:0.003086s ]
[ sql ] [ SQL ] SHOW COLUMNS FROM `fa_user_token` [ RunTime:0.011054s ]
[ sql ] [ SQL ] INSERT INTO `fa_user_token` (`token` , `user_id` , `createtime` , `expiretime`) VALUES ('99495bf931c89982cc1292601e6c99e6751b62aa' , 1 , 1563710825 , 1566302825) [ RunTime:0.001307s ]
---------------------------------------------------------------
[ 2019-07-21T20:07:06+08:00 ] 127.0.0.1 GET fastadmin.com/index/user/index.html
[运行时间：0.171529s] [吞吐率：5.83req/s] [内存消耗：3,476.09kb] [文件加载：134]
[ info ] [ BEHAVIOR ] Run Closure @app_init [ RunTime:0.000020s ]
[ info ] [ CACHE ] INIT File
[ info ] [ BEHAVIOR ] Run Closure @app_init [ RunTime:0.003720s ]
[ info ] [ LANG ] C:\Users\hack\Desktop\fastadmin\thinkphp\lang\zh-cn.php
[ info ] [ ROUTE ] array (
  'type' => 'module',
  'module' => 
  array (
    0 => 'index',
    1 => 'user',
    2 => 'index',
  ),
)
[ info ] [ HEADER ] array (
  'cookie' => 'PHPSESSID=6n4fam4hi2nl2uns1iqmsi1s0j; uid=1; token=62e90da8-39d6-4b2c-b391-36483813cdb5',
  'accept-language' => 'zh-CN,zh;q=0.9',
  'accept-encoding' => 'gzip, deflate',
  'referer' => 'http://fastadmin.com/index/user/login.html',
  'accept' => 'text/html,application/xhtml+xml,application/xml;q=0.9,image/webp,image/apng,*/*;q=0.8,application/signed-exchange;v=b3',
  'user-agent' => 'Mozilla/5.0 (Windows NT 10.0; Win64; x64) AppleWebKit/537.36 (KHTML, like Gecko) Chrome/75.0.3770.100 Safari/537.36',
  'upgrade-insecure-requests' => '1',
  'connection' => 'close',
  'host' => 'fastadmin.com',
)
[ info ] [ PARAM ] array (
)
[ info ] [ LANG ] C:\Users\hack\Desktop\fastadmin\public/../application/index\lang\zh-cn.php
[ info ] [ BEHAVIOR ] Run app\common\behavior\Common @module_init [ RunTime:0.003077s ]
[ info ] [ DB ] INIT mysql
[ info ] [ TOKEN ] INIT Mysql
[ info ] [ LANG ] C:\Users\hack\Desktop\fastadmin\public/../application/index/lang/zh-cn/user.php
[ info ] [ RUN ] app\index\controller\User->index[ C:\Users\hack\Desktop\fastadmin\application\index\controller\User.php ]
[ info ] [ VIEW ] C:\Users\hack\Desktop\fastadmin\public/../application/index\view\user\index.html [ array (
  0 => 'category',
  1 => 'user',
  2 => 'site',
  3 => 'config',
  4 => 'title',
) ]
[ info ] [ LOG ] INIT File
[ sql ] [ DB ] CONNECT:[ UseTime:0.003511s ] mysql:host=127.0.0.1;dbname=fastadmin;charset=utf8
[ sql ] [ SQL ] SHOW COLUMNS FROM `fa_category` [ RunTime:0.013570s ]
[ sql ] [ SQL ] SELECT * FROM `fa_category` WHERE  `pid` = 0 [ RunTime:0.000775s ]
[ sql ] [ SQL ] SHOW COLUMNS FROM `fa_user_token` [ RunTime:0.013724s ]
[ sql ] [ SQL ] SELECT * FROM `fa_user_token` WHERE  `token` = '99495bf931c89982cc1292601e6c99e6751b62aa' LIMIT 1 [ RunTime:0.000502s ]
[ sql ] [ SQL ] SHOW COLUMNS FROM `fa_user` [ RunTime:0.012364s ]
[ sql ] [ SQL ] SELECT * FROM `fa_user` WHERE  `id` = 1 LIMIT 1 [ RunTime:0.000528s ]
---------------------------------------------------------------
[ 2019-07-21T20:07:07+08:00 ] 127.0.0.1 GET fastadmin.com/index/ajax/lang?callback=define&controllername=user&v=1563710826
[运行时间：0.138263s] [吞吐率：7.23req/s] [内存消耗：3,290.41kb] [文件加载：133]
[ info ] [ BEHAVIOR ] Run Closure @app_init [ RunTime:0.000030s ]
[ info ] [ CACHE ] INIT File
[ info ] [ BEHAVIOR ] Run Closure @app_init [ RunTime:0.002878s ]
[ info ] [ LANG ] C:\Users\hack\Desktop\fastadmin\thinkphp\lang\zh-cn.php
[ info ] [ ROUTE ] array (
  'type' => 'module',
  'module' => 
  array (
    0 => 'index',
    1 => 'ajax',
    2 => 'lang',
  ),
)
[ info ] [ HEADER ] array (
  'cookie' => 'PHPSESSID=6n4fam4hi2nl2uns1iqmsi1s0j; uid=1; token=62e90da8-39d6-4b2c-b391-36483813cdb5',
  'accept-language' => 'zh-CN,zh;q=0.9',
  'accept-encoding' => 'gzip, deflate',
  'referer' => 'http://fastadmin.com/index/user/index.html',
  'accept' => '*/*',
  'user-agent' => 'Mozilla/5.0 (Windows NT 10.0; Win64; x64) AppleWebKit/537.36 (KHTML, like Gecko) Chrome/75.0.3770.100 Safari/537.36',
  'connection' => 'close',
  'host' => 'fastadmin.com',
)
[ info ] [ PARAM ] array (
  'callback' => 'define',
  'controllername' => 'user',
  'v' => '1563710826',
)
[ info ] [ LANG ] C:\Users\hack\Desktop\fastadmin\public/../application/index\lang\zh-cn.php
[ info ] [ BEHAVIOR ] Run app\common\behavior\Common @module_init [ RunTime:0.002115s ]
[ info ] [ DB ] INIT mysql
[ info ] [ TOKEN ] INIT Mysql
[ info ] [ LANG ] C:\Users\hack\Desktop\fastadmin\public/../application/index/lang/zh-cn/ajax.php
[ info ] [ RUN ] app\index\controller\Ajax->lang[ C:\Users\hack\Desktop\fastadmin\application\index\controller\Ajax.php ]
[ info ] [ LANG ] C:\Users\hack\Desktop\fastadmin\public/../application/index/lang/zh-cn/user.php
[ info ] [ LOG ] INIT File
[ sql ] [ DB ] CONNECT:[ UseTime:0.002881s ] mysql:host=127.0.0.1;dbname=fastadmin;charset=utf8
[ sql ] [ SQL ] SHOW COLUMNS FROM `fa_category` [ RunTime:0.011854s ]
[ sql ] [ SQL ] SELECT * FROM `fa_category` WHERE  `pid` = 0 [ RunTime:0.000675s ]
[ sql ] [ SQL ] SHOW COLUMNS FROM `fa_user_token` [ RunTime:0.011905s ]
[ sql ] [ SQL ] SELECT * FROM `fa_user_token` WHERE  `token` = '99495bf931c89982cc1292601e6c99e6751b62aa' LIMIT 1 [ RunTime:0.000409s ]
[ sql ] [ SQL ] SHOW COLUMNS FROM `fa_user` [ RunTime:0.012405s ]
[ sql ] [ SQL ] SELECT * FROM `fa_user` WHERE  `id` = 1 LIMIT 1 [ RunTime:0.000541s ]
---------------------------------------------------------------
[ 2019-07-21T20:07:16+08:00 ] 127.0.0.1 GET fastadmin.com/index/user/index.html
[运行时间：0.166993s] [吞吐率：5.99req/s] [内存消耗：3,339.64kb] [文件加载：132]
[ info ] [ BEHAVIOR ] Run Closure @app_init [ RunTime:0.000052s ]
[ info ] [ CACHE ] INIT File
[ info ] [ BEHAVIOR ] Run Closure @app_init [ RunTime:0.005072s ]
[ info ] [ LANG ] C:\Users\hack\Desktop\fastadmin\thinkphp\lang\zh-cn.php
[ info ] [ ROUTE ] array (
  'type' => 'module',
  'module' => 
  array (
    0 => 'index',
    1 => 'user',
    2 => 'index',
  ),
)
[ info ] [ HEADER ] array (
  'cookie' => 'PHPSESSID=6n4fam4hi2nl2uns1iqmsi1s0j; uid=1; token=62e90da8-39d6-4b2c-b391-36483813cdb5',
  'accept-language' => 'zh-CN,zh;q=0.9',
  'accept-encoding' => 'gzip, deflate',
  'referer' => 'http://fastadmin.com/index/user/index.html',
  'accept' => 'text/html,application/xhtml+xml,application/xml;q=0.9,image/webp,image/apng,*/*;q=0.8,application/signed-exchange;v=b3',
  'user-agent' => 'Mozilla/5.0 (Windows NT 10.0; Win64; x64) AppleWebKit/537.36 (KHTML, like Gecko) Chrome/75.0.3770.100 Safari/537.36',
  'upgrade-insecure-requests' => '1',
  'connection' => 'close',
  'host' => 'fastadmin.com',
)
[ info ] [ PARAM ] array (
)
[ info ] [ LANG ] C:\Users\hack\Desktop\fastadmin\public/../application/index\lang\zh-cn.php
[ info ] [ BEHAVIOR ] Run app\common\behavior\Common @module_init [ RunTime:0.003897s ]
[ info ] [ DB ] INIT mysql
[ info ] [ TOKEN ] INIT Mysql
[ info ] [ LANG ] C:\Users\hack\Desktop\fastadmin\public/../application/index/lang/zh-cn/user.php
[ info ] [ RUN ] app\index\controller\User->index[ C:\Users\hack\Desktop\fastadmin\application\index\controller\User.php ]
[ info ] [ VIEW ] C:\Users\hack\Desktop\fastadmin\public/../application/index\view\user\index.html [ array (
  0 => 'category',
  1 => 'user',
  2 => 'site',
  3 => 'config',
  4 => 'title',
) ]
[ info ] [ LOG ] INIT File
[ sql ] [ DB ] CONNECT:[ UseTime:0.013063s ] mysql:host=127.0.0.1;dbname=fastadmin;charset=utf8
[ sql ] [ SQL ] SHOW COLUMNS FROM `fa_category` [ RunTime:0.012930s ]
[ sql ] [ SQL ] SELECT * FROM `fa_category` WHERE  `pid` = 0 [ RunTime:0.000632s ]
[ sql ] [ SQL ] SHOW COLUMNS FROM `fa_user_token` [ RunTime:0.011265s ]
[ sql ] [ SQL ] SELECT * FROM `fa_user_token` WHERE  `token` = '99495bf931c89982cc1292601e6c99e6751b62aa' LIMIT 1 [ RunTime:0.000415s ]
[ sql ] [ SQL ] SHOW COLUMNS FROM `fa_user` [ RunTime:0.012191s ]
[ sql ] [ SQL ] SELECT * FROM `fa_user` WHERE  `id` = 1 LIMIT 1 [ RunTime:0.000749s ]
---------------------------------------------------------------
[ 2019-07-21T20:07:16+08:00 ] 127.0.0.1 GET fastadmin.com/index/ajax/lang?callback=define&controllername=user&v=1563710836
[运行时间：0.113110s] [吞吐率：8.84req/s] [内存消耗：3,290.41kb] [文件加载：133]
[ info ] [ BEHAVIOR ] Run Closure @app_init [ RunTime:0.000022s ]
[ info ] [ CACHE ] INIT File
[ info ] [ BEHAVIOR ] Run Closure @app_init [ RunTime:0.002785s ]
[ info ] [ LANG ] C:\Users\hack\Desktop\fastadmin\thinkphp\lang\zh-cn.php
[ info ] [ ROUTE ] array (
  'type' => 'module',
  'module' => 
  array (
    0 => 'index',
    1 => 'ajax',
    2 => 'lang',
  ),
)
[ info ] [ HEADER ] array (
  'cookie' => 'PHPSESSID=6n4fam4hi2nl2uns1iqmsi1s0j; uid=1; token=62e90da8-39d6-4b2c-b391-36483813cdb5',
  'accept-language' => 'zh-CN,zh;q=0.9',
  'accept-encoding' => 'gzip, deflate',
  'referer' => 'http://fastadmin.com/index/user/index.html',
  'accept' => '*/*',
  'user-agent' => 'Mozilla/5.0 (Windows NT 10.0; Win64; x64) AppleWebKit/537.36 (KHTML, like Gecko) Chrome/75.0.3770.100 Safari/537.36',
  'connection' => 'close',
  'host' => 'fastadmin.com',
)
[ info ] [ PARAM ] array (
  'callback' => 'define',
  'controllername' => 'user',
  'v' => '1563710836',
)
[ info ] [ LANG ] C:\Users\hack\Desktop\fastadmin\public/../application/index\lang\zh-cn.php
[ info ] [ BEHAVIOR ] Run app\common\behavior\Common @module_init [ RunTime:0.001907s ]
[ info ] [ DB ] INIT mysql
[ info ] [ TOKEN ] INIT Mysql
[ info ] [ LANG ] C:\Users\hack\Desktop\fastadmin\public/../application/index/lang/zh-cn/ajax.php
[ info ] [ RUN ] app\index\controller\Ajax->lang[ C:\Users\hack\Desktop\fastadmin\application\index\controller\Ajax.php ]
[ info ] [ LANG ] C:\Users\hack\Desktop\fastadmin\public/../application/index/lang/zh-cn/user.php
[ info ] [ LOG ] INIT File
[ sql ] [ DB ] CONNECT:[ UseTime:0.002732s ] mysql:host=127.0.0.1;dbname=fastadmin;charset=utf8
[ sql ] [ SQL ] SHOW COLUMNS FROM `fa_category` [ RunTime:0.011322s ]
[ sql ] [ SQL ] SELECT * FROM `fa_category` WHERE  `pid` = 0 [ RunTime:0.000970s ]
[ sql ] [ SQL ] SHOW COLUMNS FROM `fa_user_token` [ RunTime:0.011175s ]
[ sql ] [ SQL ] SELECT * FROM `fa_user_token` WHERE  `token` = '99495bf931c89982cc1292601e6c99e6751b62aa' LIMIT 1 [ RunTime:0.000419s ]
[ sql ] [ SQL ] SHOW COLUMNS FROM `fa_user` [ RunTime:0.010792s ]
[ sql ] [ SQL ] SELECT * FROM `fa_user` WHERE  `id` = 1 LIMIT 1 [ RunTime:0.000557s ]
---------------------------------------------------------------
[ 2019-07-21T20:09:34+08:00 ] 127.0.0.1 GET fastadmin.com/index/down/index/id/632
[运行时间：0.216780s] [吞吐率：4.61req/s] [内存消耗：3,330.11kb] [文件加载：131]
[ info ] [ BEHAVIOR ] Run Closure @app_init [ RunTime:0.000476s ]
[ info ] [ CACHE ] INIT File
[ info ] [ BEHAVIOR ] Run Closure @app_init [ RunTime:0.005136s ]
[ info ] [ LANG ] C:\Users\hack\Desktop\fastadmin\thinkphp\lang\zh-cn.php
[ info ] [ ROUTE ] array (
  'type' => 'module',
  'module' => 
  array (
    0 => 'index',
    1 => 'down',
    2 => 'index',
  ),
)
[ info ] [ HEADER ] array (
  'cookie' => 'PHPSESSID=6n4fam4hi2nl2uns1iqmsi1s0j; uid=1; token=62e90da8-39d6-4b2c-b391-36483813cdb5',
  'accept-language' => 'zh-CN,zh;q=0.9',
  'accept-encoding' => 'gzip, deflate',
  'referer' => 'http://fastadmin.com/',
  'accept' => 'text/html,application/xhtml+xml,application/xml;q=0.9,image/webp,image/apng,*/*;q=0.8,application/signed-exchange;v=b3',
  'user-agent' => 'Mozilla/5.0 (Windows NT 10.0; Win64; x64) AppleWebKit/537.36 (KHTML, like Gecko) Chrome/75.0.3770.100 Safari/537.36',
  'upgrade-insecure-requests' => '1',
  'connection' => 'close',
  'host' => 'fastadmin.com',
)
[ info ] [ PARAM ] array (
  'id' => '632',
)
[ info ] [ LANG ] C:\Users\hack\Desktop\fastadmin\public/../application/index\lang\zh-cn.php
[ info ] [ BEHAVIOR ] Run app\common\behavior\Common @module_init [ RunTime:0.003675s ]
[ info ] [ DB ] INIT mysql
[ info ] [ TOKEN ] INIT Mysql
[ info ] [ RUN ] app\index\controller\Down->index[ C:\Users\hack\Desktop\fastadmin\application\index\controller\Down.php ]
[ info ] [ VIEW ] C:\Users\hack\Desktop\fastadmin\public/../application/index\view\down\index.html [ array (
  0 => 'category',
  1 => 'user',
  2 => 'site',
  3 => 'config',
) ]
[ info ] [ LOG ] INIT File
[ sql ] [ DB ] CONNECT:[ UseTime:0.053301s ] mysql:host=127.0.0.1;dbname=fastadmin;charset=utf8
[ sql ] [ SQL ] SHOW COLUMNS FROM `fa_category` [ RunTime:0.014817s ]
[ sql ] [ SQL ] SELECT * FROM `fa_category` WHERE  `pid` = 0 [ RunTime:0.007640s ]
[ sql ] [ SQL ] SHOW COLUMNS FROM `fa_user_token` [ RunTime:0.010495s ]
[ sql ] [ SQL ] SELECT * FROM `fa_user_token` WHERE  `token` = '99495bf931c89982cc1292601e6c99e6751b62aa' LIMIT 1 [ RunTime:0.000420s ]
[ sql ] [ SQL ] SHOW COLUMNS FROM `fa_user` [ RunTime:0.011597s ]
[ sql ] [ SQL ] SELECT * FROM `fa_user` WHERE  `id` = 1 LIMIT 1 [ RunTime:0.000534s ]
[ sql ] [ SQL ] SHOW COLUMNS FROM `fa_down` [ RunTime:0.011480s ]
[ sql ] [ SQL ] SELECT * FROM `fa_down` WHERE  `id` = 632 LIMIT 1 [ RunTime:0.000461s ]
---------------------------------------------------------------
[ 2019-07-21T20:09:34+08:00 ] 127.0.0.1 GET fastadmin.com/index/down/index/id/static/js/jquery.min.js
[运行时间：0.178734s] [吞吐率：5.59req/s] [内存消耗：3,327.64kb] [文件加载：131]
[ info ] [ BEHAVIOR ] Run Closure @app_init [ RunTime:0.000037s ]
[ info ] [ CACHE ] INIT File
[ info ] [ BEHAVIOR ] Run Closure @app_init [ RunTime:0.008282s ]
[ info ] [ LANG ] C:\Users\hack\Desktop\fastadmin\thinkphp\lang\zh-cn.php
[ info ] [ ROUTE ] array (
  'type' => 'module',
  'module' => 
  array (
    0 => 'index',
    1 => 'down',
    2 => 'index',
  ),
)
[ info ] [ HEADER ] array (
  'cookie' => 'PHPSESSID=6n4fam4hi2nl2uns1iqmsi1s0j; uid=1; token=62e90da8-39d6-4b2c-b391-36483813cdb5',
  'accept-language' => 'zh-CN,zh;q=0.9',
  'accept-encoding' => 'gzip, deflate',
  'referer' => 'http://fastadmin.com/index/down/index/id/632',
  'accept' => '*/*',
  'user-agent' => 'Mozilla/5.0 (Windows NT 10.0; Win64; x64) AppleWebKit/537.36 (KHTML, like Gecko) Chrome/75.0.3770.100 Safari/537.36',
  'connection' => 'close',
  'host' => 'fastadmin.com',
)
[ info ] [ PARAM ] array (
  'id' => 'static',
  'js' => 'jquery.min.js',
)
[ info ] [ LANG ] C:\Users\hack\Desktop\fastadmin\public/../application/index\lang\zh-cn.php
[ info ] [ BEHAVIOR ] Run app\common\behavior\Common @module_init [ RunTime:0.002836s ]
[ info ] [ DB ] INIT mysql
[ info ] [ TOKEN ] INIT Mysql
[ info ] [ RUN ] app\index\controller\Down->index[ C:\Users\hack\Desktop\fastadmin\application\index\controller\Down.php ]
[ info ] [ VIEW ] C:\Users\hack\Desktop\fastadmin\public/../application/index\view\down\index.html [ array (
  0 => 'category',
  1 => 'user',
  2 => 'site',
  3 => 'config',
) ]
[ info ] [ LOG ] INIT File
[ sql ] [ DB ] CONNECT:[ UseTime:0.004134s ] mysql:host=127.0.0.1;dbname=fastadmin;charset=utf8
[ sql ] [ SQL ] SHOW COLUMNS FROM `fa_category` [ RunTime:0.016883s ]
[ sql ] [ SQL ] SELECT * FROM `fa_category` WHERE  `pid` = 0 [ RunTime:0.000722s ]
[ sql ] [ SQL ] SHOW COLUMNS FROM `fa_user_token` [ RunTime:0.011859s ]
[ sql ] [ SQL ] SELECT * FROM `fa_user_token` WHERE  `token` = '99495bf931c89982cc1292601e6c99e6751b62aa' LIMIT 1 [ RunTime:0.000439s ]
[ sql ] [ SQL ] SHOW COLUMNS FROM `fa_user` [ RunTime:0.014491s ]
[ sql ] [ SQL ] SELECT * FROM `fa_user` WHERE  `id` = 1 LIMIT 1 [ RunTime:0.000566s ]
[ sql ] [ SQL ] SHOW COLUMNS FROM `fa_down` [ RunTime:0.010988s ]
[ sql ] [ SQL ] SELECT * FROM `fa_down` WHERE  `id` = 0 LIMIT 1 [ RunTime:0.000461s ]
---------------------------------------------------------------
[ 2019-07-21T20:09:34+08:00 ] 127.0.0.1 GET fastadmin.com/static/fonts/d5ddcb675c2c46d9a3a40fe242b3edbe.woff
[运行时间：0.053266s] [吞吐率：18.77req/s] [内存消耗：1,669.98kb] [文件加载：107]
[ info ] [ BEHAVIOR ] Run Closure @app_init [ RunTime:0.000019s ]
[ info ] [ CACHE ] INIT File
[ info ] [ BEHAVIOR ] Run Closure @app_init [ RunTime:0.004112s ]
[ info ] [ LANG ] C:\Users\hack\Desktop\fastadmin\thinkphp\lang\zh-cn.php
[ info ] [ ROUTE ] array (
  'type' => 'module',
  'module' => 
  array (
    0 => 'static',
    1 => 'fonts',
    2 => 'd5ddcb675c2c46d9a3a40fe242b3edbe.woff',
  ),
)
[ info ] [ HEADER ] array (
  'cookie' => 'PHPSESSID=6n4fam4hi2nl2uns1iqmsi1s0j; uid=1; token=62e90da8-39d6-4b2c-b391-36483813cdb5',
  'accept-language' => 'zh-CN,zh;q=0.9',
  'accept-encoding' => 'gzip, deflate',
  'referer' => 'http://fastadmin.com/static/css/font_1104524_z1zcv22ej09.css',
  'accept' => '*/*',
  'user-agent' => 'Mozilla/5.0 (Windows NT 10.0; Win64; x64) AppleWebKit/537.36 (KHTML, like Gecko) Chrome/75.0.3770.100 Safari/537.36',
  'origin' => 'http://fastadmin.com',
  'connection' => 'close',
  'host' => 'fastadmin.com',
)
[ info ] [ PARAM ] array (
)
[ info ] [ LOG ] INIT File
---------------------------------------------------------------
[ 2019-07-21T20:09:34+08:00 ] 127.0.0.1 GET fastadmin.com/index/down/index/id/static/picture/aliyun-sidebar.png
[运行时间：0.144324s] [吞吐率：6.93req/s] [内存消耗：3,328.10kb] [文件加载：131]
[ info ] [ BEHAVIOR ] Run Closure @app_init [ RunTime:0.000037s ]
[ info ] [ CACHE ] INIT File
[ info ] [ BEHAVIOR ] Run Closure @app_init [ RunTime:0.003030s ]
[ info ] [ LANG ] C:\Users\hack\Desktop\fastadmin\thinkphp\lang\zh-cn.php
[ info ] [ ROUTE ] array (
  'type' => 'module',
  'module' => 
  array (
    0 => 'index',
    1 => 'down',
    2 => 'index',
  ),
)
[ info ] [ HEADER ] array (
  'cookie' => 'PHPSESSID=6n4fam4hi2nl2uns1iqmsi1s0j; uid=1; token=62e90da8-39d6-4b2c-b391-36483813cdb5',
  'accept-language' => 'zh-CN,zh;q=0.9',
  'accept-encoding' => 'gzip, deflate',
  'referer' => 'http://fastadmin.com/index/down/index/id/632',
  'accept' => 'image/webp,image/apng,image/*,*/*;q=0.8',
  'user-agent' => 'Mozilla/5.0 (Windows NT 10.0; Win64; x64) AppleWebKit/537.36 (KHTML, like Gecko) Chrome/75.0.3770.100 Safari/537.36',
  'connection' => 'close',
  'host' => 'fastadmin.com',
)
[ info ] [ PARAM ] array (
  'id' => 'static',
  'picture' => 'aliyun-sidebar.png',
)
[ info ] [ LANG ] C:\Users\hack\Desktop\fastadmin\public/../application/index\lang\zh-cn.php
[ info ] [ BEHAVIOR ] Run app\common\behavior\Common @module_init [ RunTime:0.002023s ]
[ info ] [ DB ] INIT mysql
[ info ] [ TOKEN ] INIT Mysql
[ info ] [ RUN ] app\index\controller\Down->index[ C:\Users\hack\Desktop\fastadmin\application\index\controller\Down.php ]
[ info ] [ VIEW ] C:\Users\hack\Desktop\fastadmin\public/../application/index\view\down\index.html [ array (
  0 => 'category',
  1 => 'user',
  2 => 'site',
  3 => 'config',
) ]
[ info ] [ LOG ] INIT File
[ sql ] [ DB ] CONNECT:[ UseTime:0.003347s ] mysql:host=127.0.0.1;dbname=fastadmin;charset=utf8
[ sql ] [ SQL ] SHOW COLUMNS FROM `fa_category` [ RunTime:0.014788s ]
[ sql ] [ SQL ] SELECT * FROM `fa_category` WHERE  `pid` = 0 [ RunTime:0.002021s ]
[ sql ] [ SQL ] SHOW COLUMNS FROM `fa_user_token` [ RunTime:0.010880s ]
[ sql ] [ SQL ] SELECT * FROM `fa_user_token` WHERE  `token` = '99495bf931c89982cc1292601e6c99e6751b62aa' LIMIT 1 [ RunTime:0.001006s ]
[ sql ] [ SQL ] SHOW COLUMNS FROM `fa_user` [ RunTime:0.012314s ]
[ sql ] [ SQL ] SELECT * FROM `fa_user` WHERE  `id` = 1 LIMIT 1 [ RunTime:0.000646s ]
[ sql ] [ SQL ] SHOW COLUMNS FROM `fa_down` [ RunTime:0.010660s ]
[ sql ] [ SQL ] SELECT * FROM `fa_down` WHERE  `id` = 0 LIMIT 1 [ RunTime:0.000424s ]
---------------------------------------------------------------
[ 2019-07-21T20:09:34+08:00 ] 127.0.0.1 GET fastadmin.com/index/down/index/id/static/picture/5ad441258ab510.png
[运行时间：0.138073s] [吞吐率：7.24req/s] [内存消耗：3,328.10kb] [文件加载：131]
[ info ] [ BEHAVIOR ] Run Closure @app_init [ RunTime:0.000021s ]
[ info ] [ CACHE ] INIT File
[ info ] [ BEHAVIOR ] Run Closure @app_init [ RunTime:0.002801s ]
[ info ] [ LANG ] C:\Users\hack\Desktop\fastadmin\thinkphp\lang\zh-cn.php
[ info ] [ ROUTE ] array (
  'type' => 'module',
  'module' => 
  array (
    0 => 'index',
    1 => 'down',
    2 => 'index',
  ),
)
[ info ] [ HEADER ] array (
  'cookie' => 'PHPSESSID=6n4fam4hi2nl2uns1iqmsi1s0j; uid=1; token=62e90da8-39d6-4b2c-b391-36483813cdb5',
  'accept-language' => 'zh-CN,zh;q=0.9',
  'accept-encoding' => 'gzip, deflate',
  'referer' => 'http://fastadmin.com/index/down/index/id/632',
  'accept' => 'image/webp,image/apng,image/*,*/*;q=0.8',
  'user-agent' => 'Mozilla/5.0 (Windows NT 10.0; Win64; x64) AppleWebKit/537.36 (KHTML, like Gecko) Chrome/75.0.3770.100 Safari/537.36',
  'connection' => 'close',
  'host' => 'fastadmin.com',
)
[ info ] [ PARAM ] array (
  'id' => 'static',
  'picture' => '5ad441258ab510.png',
)
[ info ] [ LANG ] C:\Users\hack\Desktop\fastadmin\public/../application/index\lang\zh-cn.php
[ info ] [ BEHAVIOR ] Run app\common\behavior\Common @module_init [ RunTime:0.001948s ]
[ info ] [ DB ] INIT mysql
[ info ] [ TOKEN ] INIT Mysql
[ info ] [ RUN ] app\index\controller\Down->index[ C:\Users\hack\Desktop\fastadmin\application\index\controller\Down.php ]
[ info ] [ VIEW ] C:\Users\hack\Desktop\fastadmin\public/../application/index\view\down\index.html [ array (
  0 => 'category',
  1 => 'user',
  2 => 'site',
  3 => 'config',
) ]
[ info ] [ LOG ] INIT File
[ sql ] [ DB ] CONNECT:[ UseTime:0.002917s ] mysql:host=127.0.0.1;dbname=fastadmin;charset=utf8
[ sql ] [ SQL ] SHOW COLUMNS FROM `fa_category` [ RunTime:0.012792s ]
[ sql ] [ SQL ] SELECT * FROM `fa_category` WHERE  `pid` = 0 [ RunTime:0.000650s ]
[ sql ] [ SQL ] SHOW COLUMNS FROM `fa_user_token` [ RunTime:0.011278s ]
[ sql ] [ SQL ] SELECT * FROM `fa_user_token` WHERE  `token` = '99495bf931c89982cc1292601e6c99e6751b62aa' LIMIT 1 [ RunTime:0.000453s ]
[ sql ] [ SQL ] SHOW COLUMNS FROM `fa_user` [ RunTime:0.011982s ]
[ sql ] [ SQL ] SELECT * FROM `fa_user` WHERE  `id` = 1 LIMIT 1 [ RunTime:0.000556s ]
[ sql ] [ SQL ] SHOW COLUMNS FROM `fa_down` [ RunTime:0.011165s ]
[ sql ] [ SQL ] SELECT * FROM `fa_down` WHERE  `id` = 0 LIMIT 1 [ RunTime:0.000494s ]
---------------------------------------------------------------
[ 2019-07-21T20:09:34+08:00 ] 127.0.0.1 GET fastadmin.com/index/down/index/id/static/picture/howto.png
[运行时间：0.140618s] [吞吐率：7.11req/s] [内存消耗：3,327.98kb] [文件加载：131]
[ info ] [ BEHAVIOR ] Run Closure @app_init [ RunTime:0.000019s ]
[ info ] [ CACHE ] INIT File
[ info ] [ BEHAVIOR ] Run Closure @app_init [ RunTime:0.003962s ]
[ info ] [ LANG ] C:\Users\hack\Desktop\fastadmin\thinkphp\lang\zh-cn.php
[ info ] [ ROUTE ] array (
  'type' => 'module',
  'module' => 
  array (
    0 => 'index',
    1 => 'down',
    2 => 'index',
  ),
)
[ info ] [ HEADER ] array (
  'cookie' => 'PHPSESSID=6n4fam4hi2nl2uns1iqmsi1s0j; uid=1; token=62e90da8-39d6-4b2c-b391-36483813cdb5',
  'accept-language' => 'zh-CN,zh;q=0.9',
  'accept-encoding' => 'gzip, deflate',
  'referer' => 'http://fastadmin.com/index/down/index/id/632',
  'accept' => 'image/webp,image/apng,image/*,*/*;q=0.8',
  'user-agent' => 'Mozilla/5.0 (Windows NT 10.0; Win64; x64) AppleWebKit/537.36 (KHTML, like Gecko) Chrome/75.0.3770.100 Safari/537.36',
  'connection' => 'close',
  'host' => 'fastadmin.com',
)
[ info ] [ PARAM ] array (
  'id' => 'static',
  'picture' => 'howto.png',
)
[ info ] [ LANG ] C:\Users\hack\Desktop\fastadmin\public/../application/index\lang\zh-cn.php
[ info ] [ BEHAVIOR ] Run app\common\behavior\Common @module_init [ RunTime:0.002615s ]
[ info ] [ DB ] INIT mysql
[ info ] [ TOKEN ] INIT Mysql
[ info ] [ RUN ] app\index\controller\Down->index[ C:\Users\hack\Desktop\fastadmin\application\index\controller\Down.php ]
[ info ] [ VIEW ] C:\Users\hack\Desktop\fastadmin\public/../application/index\view\down\index.html [ array (
  0 => 'category',
  1 => 'user',
  2 => 'site',
  3 => 'config',
) ]
[ info ] [ LOG ] INIT File
[ sql ] [ DB ] CONNECT:[ UseTime:0.002878s ] mysql:host=127.0.0.1;dbname=fastadmin;charset=utf8
[ sql ] [ SQL ] SHOW COLUMNS FROM `fa_category` [ RunTime:0.011438s ]
[ sql ] [ SQL ] SELECT * FROM `fa_category` WHERE  `pid` = 0 [ RunTime:0.000567s ]
[ sql ] [ SQL ] SHOW COLUMNS FROM `fa_user_token` [ RunTime:0.012012s ]
[ sql ] [ SQL ] SELECT * FROM `fa_user_token` WHERE  `token` = '99495bf931c89982cc1292601e6c99e6751b62aa' LIMIT 1 [ RunTime:0.000406s ]
[ sql ] [ SQL ] SHOW COLUMNS FROM `fa_user` [ RunTime:0.012202s ]
[ sql ] [ SQL ] SELECT * FROM `fa_user` WHERE  `id` = 1 LIMIT 1 [ RunTime:0.000568s ]
[ sql ] [ SQL ] SHOW COLUMNS FROM `fa_down` [ RunTime:0.012215s ]
[ sql ] [ SQL ] SELECT * FROM `fa_down` WHERE  `id` = 0 LIMIT 1 [ RunTime:0.000439s ]
---------------------------------------------------------------
[ 2019-07-21T20:09:35+08:00 ] 127.0.0.1 GET fastadmin.com/index/down/index/id/static/js/cms.js
[运行时间：0.154783s] [吞吐率：6.46req/s] [内存消耗：3,327.32kb] [文件加载：131]
[ info ] [ BEHAVIOR ] Run Closure @app_init [ RunTime:0.000031s ]
[ info ] [ CACHE ] INIT File
[ info ] [ BEHAVIOR ] Run Closure @app_init [ RunTime:0.002865s ]
[ info ] [ LANG ] C:\Users\hack\Desktop\fastadmin\thinkphp\lang\zh-cn.php
[ info ] [ ROUTE ] array (
  'type' => 'module',
  'module' => 
  array (
    0 => 'index',
    1 => 'down',
    2 => 'index',
  ),
)
[ info ] [ HEADER ] array (
  'cookie' => 'PHPSESSID=6n4fam4hi2nl2uns1iqmsi1s0j; uid=1; token=62e90da8-39d6-4b2c-b391-36483813cdb5',
  'accept-language' => 'zh-CN,zh;q=0.9',
  'accept-encoding' => 'gzip, deflate',
  'referer' => 'http://fastadmin.com/index/down/index/id/632',
  'accept' => '*/*',
  'user-agent' => 'Mozilla/5.0 (Windows NT 10.0; Win64; x64) AppleWebKit/537.36 (KHTML, like Gecko) Chrome/75.0.3770.100 Safari/537.36',
  'connection' => 'close',
  'host' => 'fastadmin.com',
)
[ info ] [ PARAM ] array (
  'id' => 'static',
  'js' => 'cms.js',
)
[ info ] [ LANG ] C:\Users\hack\Desktop\fastadmin\public/../application/index\lang\zh-cn.php
[ info ] [ BEHAVIOR ] Run app\common\behavior\Common @module_init [ RunTime:0.002410s ]
[ info ] [ DB ] INIT mysql
[ info ] [ TOKEN ] INIT Mysql
[ info ] [ RUN ] app\index\controller\Down->index[ C:\Users\hack\Desktop\fastadmin\application\index\controller\Down.php ]
[ info ] [ VIEW ] C:\Users\hack\Desktop\fastadmin\public/../application/index\view\down\index.html [ array (
  0 => 'category',
  1 => 'user',
  2 => 'site',
  3 => 'config',
) ]
[ info ] [ LOG ] INIT File
[ sql ] [ DB ] CONNECT:[ UseTime:0.003317s ] mysql:host=127.0.0.1;dbname=fastadmin;charset=utf8
[ sql ] [ SQL ] SHOW COLUMNS FROM `fa_category` [ RunTime:0.011912s ]
[ sql ] [ SQL ] SELECT * FROM `fa_category` WHERE  `pid` = 0 [ RunTime:0.000689s ]
[ sql ] [ SQL ] SHOW COLUMNS FROM `fa_user_token` [ RunTime:0.013131s ]
[ sql ] [ SQL ] SELECT * FROM `fa_user_token` WHERE  `token` = '99495bf931c89982cc1292601e6c99e6751b62aa' LIMIT 1 [ RunTime:0.000443s ]
[ sql ] [ SQL ] SHOW COLUMNS FROM `fa_user` [ RunTime:0.014300s ]
[ sql ] [ SQL ] SELECT * FROM `fa_user` WHERE  `id` = 1 LIMIT 1 [ RunTime:0.000659s ]
[ sql ] [ SQL ] SHOW COLUMNS FROM `fa_down` [ RunTime:0.014959s ]
[ sql ] [ SQL ] SELECT * FROM `fa_down` WHERE  `id` = 0 LIMIT 1 [ RunTime:0.000454s ]
---------------------------------------------------------------
[ 2019-07-21T20:09:35+08:00 ] 127.0.0.1 GET fastadmin.com/index/down/index/id/static/js/common.js
[运行时间：0.130665s] [吞吐率：7.65req/s] [内存消耗：3,327.36kb] [文件加载：131]
[ info ] [ BEHAVIOR ] Run Closure @app_init [ RunTime:0.000020s ]
[ info ] [ CACHE ] INIT File
[ info ] [ BEHAVIOR ] Run Closure @app_init [ RunTime:0.002791s ]
[ info ] [ LANG ] C:\Users\hack\Desktop\fastadmin\thinkphp\lang\zh-cn.php
[ info ] [ ROUTE ] array (
  'type' => 'module',
  'module' => 
  array (
    0 => 'index',
    1 => 'down',
    2 => 'index',
  ),
)
[ info ] [ HEADER ] array (
  'cookie' => 'PHPSESSID=6n4fam4hi2nl2uns1iqmsi1s0j; uid=1; token=62e90da8-39d6-4b2c-b391-36483813cdb5',
  'accept-language' => 'zh-CN,zh;q=0.9',
  'accept-encoding' => 'gzip, deflate',
  'referer' => 'http://fastadmin.com/index/down/index/id/632',
  'accept' => '*/*',
  'user-agent' => 'Mozilla/5.0 (Windows NT 10.0; Win64; x64) AppleWebKit/537.36 (KHTML, like Gecko) Chrome/75.0.3770.100 Safari/537.36',
  'connection' => 'close',
  'host' => 'fastadmin.com',
)
[ info ] [ PARAM ] array (
  'id' => 'static',
  'js' => 'common.js',
)
[ info ] [ LANG ] C:\Users\hack\Desktop\fastadmin\public/../application/index\lang\zh-cn.php
[ info ] [ BEHAVIOR ] Run app\common\behavior\Common @module_init [ RunTime:0.001978s ]
[ info ] [ DB ] INIT mysql
[ info ] [ TOKEN ] INIT Mysql
[ info ] [ RUN ] app\index\controller\Down->index[ C:\Users\hack\Desktop\fastadmin\application\index\controller\Down.php ]
[ info ] [ VIEW ] C:\Users\hack\Desktop\fastadmin\public/../application/index\view\down\index.html [ array (
  0 => 'category',
  1 => 'user',
  2 => 'site',
  3 => 'config',
) ]
[ info ] [ LOG ] INIT File
[ sql ] [ DB ] CONNECT:[ UseTime:0.004290s ] mysql:host=127.0.0.1;dbname=fastadmin;charset=utf8
[ sql ] [ SQL ] SHOW COLUMNS FROM `fa_category` [ RunTime:0.010626s ]
[ sql ] [ SQL ] SELECT * FROM `fa_category` WHERE  `pid` = 0 [ RunTime:0.000580s ]
[ sql ] [ SQL ] SHOW COLUMNS FROM `fa_user_token` [ RunTime:0.011545s ]
[ sql ] [ SQL ] SELECT * FROM `fa_user_token` WHERE  `token` = '99495bf931c89982cc1292601e6c99e6751b62aa' LIMIT 1 [ RunTime:0.000507s ]
[ sql ] [ SQL ] SHOW COLUMNS FROM `fa_user` [ RunTime:0.010846s ]
[ sql ] [ SQL ] SELECT * FROM `fa_user` WHERE  `id` = 1 LIMIT 1 [ RunTime:0.000551s ]
[ sql ] [ SQL ] SHOW COLUMNS FROM `fa_down` [ RunTime:0.012338s ]
[ sql ] [ SQL ] SELECT * FROM `fa_down` WHERE  `id` = 0 LIMIT 1 [ RunTime:0.000411s ]
---------------------------------------------------------------
[ 2019-07-21T20:09:35+08:00 ] 127.0.0.1 GET fastadmin.com/index/down/index/id/static/picture/5ad4411ecab1c0.jpg
[运行时间：0.207873s] [吞吐率：4.81req/s] [内存消耗：3,328.10kb] [文件加载：131]
[ info ] [ BEHAVIOR ] Run Closure @app_init [ RunTime:0.000020s ]
[ info ] [ CACHE ] INIT File
[ info ] [ BEHAVIOR ] Run Closure @app_init [ RunTime:0.008707s ]
[ info ] [ LANG ] C:\Users\hack\Desktop\fastadmin\thinkphp\lang\zh-cn.php
[ info ] [ ROUTE ] array (
  'type' => 'module',
  'module' => 
  array (
    0 => 'index',
    1 => 'down',
    2 => 'index',
  ),
)
[ info ] [ HEADER ] array (
  'cookie' => 'PHPSESSID=6n4fam4hi2nl2uns1iqmsi1s0j; uid=1; token=62e90da8-39d6-4b2c-b391-36483813cdb5',
  'accept-language' => 'zh-CN,zh;q=0.9',
  'accept-encoding' => 'gzip, deflate',
  'referer' => 'http://fastadmin.com/index/down/index/id/632',
  'accept' => 'image/webp,image/apng,image/*,*/*;q=0.8',
  'user-agent' => 'Mozilla/5.0 (Windows NT 10.0; Win64; x64) AppleWebKit/537.36 (KHTML, like Gecko) Chrome/75.0.3770.100 Safari/537.36',
  'connection' => 'close',
  'host' => 'fastadmin.com',
)
[ info ] [ PARAM ] array (
  'id' => 'static',
  'picture' => '5ad4411ecab1c0.jpg',
)
[ info ] [ LANG ] C:\Users\hack\Desktop\fastadmin\public/../application/index\lang\zh-cn.php
[ info ] [ BEHAVIOR ] Run app\common\behavior\Common @module_init [ RunTime:0.002483s ]
[ info ] [ DB ] INIT mysql
[ info ] [ TOKEN ] INIT Mysql
[ info ] [ RUN ] app\index\controller\Down->index[ C:\Users\hack\Desktop\fastadmin\application\index\controller\Down.php ]
[ info ] [ VIEW ] C:\Users\hack\Desktop\fastadmin\public/../application/index\view\down\index.html [ array (
  0 => 'category',
  1 => 'user',
  2 => 'site',
  3 => 'config',
) ]
[ info ] [ LOG ] INIT File
[ sql ] [ DB ] CONNECT:[ UseTime:0.009282s ] mysql:host=127.0.0.1;dbname=fastadmin;charset=utf8
[ sql ] [ SQL ] SHOW COLUMNS FROM `fa_category` [ RunTime:0.011919s ]
[ sql ] [ SQL ] SELECT * FROM `fa_category` WHERE  `pid` = 0 [ RunTime:0.000765s ]
[ sql ] [ SQL ] SHOW COLUMNS FROM `fa_user_token` [ RunTime:0.061871s ]
[ sql ] [ SQL ] SELECT * FROM `fa_user_token` WHERE  `token` = '99495bf931c89982cc1292601e6c99e6751b62aa' LIMIT 1 [ RunTime:0.000457s ]
[ sql ] [ SQL ] SHOW COLUMNS FROM `fa_user` [ RunTime:0.011740s ]
[ sql ] [ SQL ] SELECT * FROM `fa_user` WHERE  `id` = 1 LIMIT 1 [ RunTime:0.000532s ]
[ sql ] [ SQL ] SHOW COLUMNS FROM `fa_down` [ RunTime:0.011062s ]
[ sql ] [ SQL ] SELECT * FROM `fa_down` WHERE  `id` = 0 LIMIT 1 [ RunTime:0.000473s ]
---------------------------------------------------------------
[ 2019-07-21T20:09:35+08:00 ] 127.0.0.1 GET fastadmin.com/index/down/index/id/static/js/template-native.js
[运行时间：0.314650s] [吞吐率：3.18req/s] [内存消耗：3,327.76kb] [文件加载：131]
[ info ] [ BEHAVIOR ] Run Closure @app_init [ RunTime:0.000133s ]
[ info ] [ CACHE ] INIT File
[ info ] [ BEHAVIOR ] Run Closure @app_init [ RunTime:0.003127s ]
[ info ] [ LANG ] C:\Users\hack\Desktop\fastadmin\thinkphp\lang\zh-cn.php
[ info ] [ ROUTE ] array (
  'type' => 'module',
  'module' => 
  array (
    0 => 'index',
    1 => 'down',
    2 => 'index',
  ),
)
[ info ] [ HEADER ] array (
  'cookie' => 'PHPSESSID=6n4fam4hi2nl2uns1iqmsi1s0j; uid=1; token=62e90da8-39d6-4b2c-b391-36483813cdb5',
  'accept-language' => 'zh-CN,zh;q=0.9',
  'accept-encoding' => 'gzip, deflate',
  'referer' => 'http://fastadmin.com/index/down/index/id/632',
  'accept' => '*/*',
  'user-agent' => 'Mozilla/5.0 (Windows NT 10.0; Win64; x64) AppleWebKit/537.36 (KHTML, like Gecko) Chrome/75.0.3770.100 Safari/537.36',
  'connection' => 'close',
  'host' => 'fastadmin.com',
)
[ info ] [ PARAM ] array (
  'id' => 'static',
  'js' => 'template-native.js',
)
[ info ] [ LANG ] C:\Users\hack\Desktop\fastadmin\public/../application/index\lang\zh-cn.php
[ info ] [ BEHAVIOR ] Run app\common\behavior\Common @module_init [ RunTime:0.002285s ]
[ info ] [ DB ] INIT mysql
[ info ] [ TOKEN ] INIT Mysql
[ info ] [ RUN ] app\index\controller\Down->index[ C:\Users\hack\Desktop\fastadmin\application\index\controller\Down.php ]
[ info ] [ VIEW ] C:\Users\hack\Desktop\fastadmin\public/../application/index\view\down\index.html [ array (
  0 => 'category',
  1 => 'user',
  2 => 'site',
  3 => 'config',
) ]
[ info ] [ LOG ] INIT File
[ sql ] [ DB ] CONNECT:[ UseTime:0.148127s ] mysql:host=127.0.0.1;dbname=fastadmin;charset=utf8
[ sql ] [ SQL ] SHOW COLUMNS FROM `fa_category` [ RunTime:0.014087s ]
[ sql ] [ SQL ] SELECT * FROM `fa_category` WHERE  `pid` = 0 [ RunTime:0.000580s ]
[ sql ] [ SQL ] SHOW COLUMNS FROM `fa_user_token` [ RunTime:0.014543s ]
[ sql ] [ SQL ] SELECT * FROM `fa_user_token` WHERE  `token` = '99495bf931c89982cc1292601e6c99e6751b62aa' LIMIT 1 [ RunTime:0.000437s ]
[ sql ] [ SQL ] SHOW COLUMNS FROM `fa_user` [ RunTime:0.015547s ]
[ sql ] [ SQL ] SELECT * FROM `fa_user` WHERE  `id` = 1 LIMIT 1 [ RunTime:0.001047s ]
[ sql ] [ SQL ] SHOW COLUMNS FROM `fa_down` [ RunTime:0.017208s ]
[ sql ] [ SQL ] SELECT * FROM `fa_down` WHERE  `id` = 0 LIMIT 1 [ RunTime:0.000419s ]
---------------------------------------------------------------
[ 2019-07-21T20:09:35+08:00 ] 127.0.0.1 GET fastadmin.com/index/down/index/id/static/picture/5ad44121495860.jpg
[运行时间：0.175247s] [吞吐率：5.71req/s] [内存消耗：3,328.10kb] [文件加载：131]
[ info ] [ BEHAVIOR ] Run Closure @app_init [ RunTime:0.000019s ]
[ info ] [ CACHE ] INIT File
[ info ] [ BEHAVIOR ] Run Closure @app_init [ RunTime:0.008899s ]
[ info ] [ LANG ] C:\Users\hack\Desktop\fastadmin\thinkphp\lang\zh-cn.php
[ info ] [ ROUTE ] array (
  'type' => 'module',
  'module' => 
  array (
    0 => 'index',
    1 => 'down',
    2 => 'index',
  ),
)
[ info ] [ HEADER ] array (
  'cookie' => 'PHPSESSID=6n4fam4hi2nl2uns1iqmsi1s0j; uid=1; token=62e90da8-39d6-4b2c-b391-36483813cdb5',
  'accept-language' => 'zh-CN,zh;q=0.9',
  'accept-encoding' => 'gzip, deflate',
  'referer' => 'http://fastadmin.com/index/down/index/id/632',
  'accept' => 'image/webp,image/apng,image/*,*/*;q=0.8',
  'user-agent' => 'Mozilla/5.0 (Windows NT 10.0; Win64; x64) AppleWebKit/537.36 (KHTML, like Gecko) Chrome/75.0.3770.100 Safari/537.36',
  'connection' => 'close',
  'host' => 'fastadmin.com',
)
[ info ] [ PARAM ] array (
  'id' => 'static',
  'picture' => '5ad44121495860.jpg',
)
[ info ] [ LANG ] C:\Users\hack\Desktop\fastadmin\public/../application/index\lang\zh-cn.php
[ info ] [ BEHAVIOR ] Run app\common\behavior\Common @module_init [ RunTime:0.003234s ]
[ info ] [ DB ] INIT mysql
[ info ] [ TOKEN ] INIT Mysql
[ info ] [ RUN ] app\index\controller\Down->index[ C:\Users\hack\Desktop\fastadmin\application\index\controller\Down.php ]
[ info ] [ VIEW ] C:\Users\hack\Desktop\fastadmin\public/../application/index\view\down\index.html [ array (
  0 => 'category',
  1 => 'user',
  2 => 'site',
  3 => 'config',
) ]
[ info ] [ LOG ] INIT File
[ sql ] [ DB ] CONNECT:[ UseTime:0.003311s ] mysql:host=127.0.0.1;dbname=fastadmin;charset=utf8
[ sql ] [ SQL ] SHOW COLUMNS FROM `fa_category` [ RunTime:0.016016s ]
[ sql ] [ SQL ] SELECT * FROM `fa_category` WHERE  `pid` = 0 [ RunTime:0.000758s ]
[ sql ] [ SQL ] SHOW COLUMNS FROM `fa_user_token` [ RunTime:0.014769s ]
[ sql ] [ SQL ] SELECT * FROM `fa_user_token` WHERE  `token` = '99495bf931c89982cc1292601e6c99e6751b62aa' LIMIT 1 [ RunTime:0.000408s ]
[ sql ] [ SQL ] SHOW COLUMNS FROM `fa_user` [ RunTime:0.015195s ]
[ sql ] [ SQL ] SELECT * FROM `fa_user` WHERE  `id` = 1 LIMIT 1 [ RunTime:0.003197s ]
[ sql ] [ SQL ] SHOW COLUMNS FROM `fa_down` [ RunTime:0.011864s ]
[ sql ] [ SQL ] SELECT * FROM `fa_down` WHERE  `id` = 0 LIMIT 1 [ RunTime:0.000485s ]
---------------------------------------------------------------
[ 2019-07-21T20:09:35+08:00 ] 127.0.0.1 GET fastadmin.com/index/down/index/id/static/js/bootstrap-typeahead.min.js
[运行时间：0.449873s] [吞吐率：2.22req/s] [内存消耗：3,327.77kb] [文件加载：131]
[ info ] [ BEHAVIOR ] Run Closure @app_init [ RunTime:0.000145s ]
[ info ] [ CACHE ] INIT File
[ info ] [ BEHAVIOR ] Run Closure @app_init [ RunTime:0.003858s ]
[ info ] [ LANG ] C:\Users\hack\Desktop\fastadmin\thinkphp\lang\zh-cn.php
[ info ] [ ROUTE ] array (
  'type' => 'module',
  'module' => 
  array (
    0 => 'index',
    1 => 'down',
    2 => 'index',
  ),
)
[ info ] [ HEADER ] array (
  'cookie' => 'PHPSESSID=6n4fam4hi2nl2uns1iqmsi1s0j; uid=1; token=62e90da8-39d6-4b2c-b391-36483813cdb5',
  'accept-language' => 'zh-CN,zh;q=0.9',
  'accept-encoding' => 'gzip, deflate',
  'referer' => 'http://fastadmin.com/index/down/index/id/632',
  'accept' => '*/*',
  'user-agent' => 'Mozilla/5.0 (Windows NT 10.0; Win64; x64) AppleWebKit/537.36 (KHTML, like Gecko) Chrome/75.0.3770.100 Safari/537.36',
  'connection' => 'close',
  'host' => 'fastadmin.com',
)
[ info ] [ PARAM ] array (
  'id' => 'static',
  'js' => 'bootstrap-typeahead.min.js',
)
[ info ] [ LANG ] C:\Users\hack\Desktop\fastadmin\public/../application/index\lang\zh-cn.php
[ info ] [ BEHAVIOR ] Run app\common\behavior\Common @module_init [ RunTime:0.002528s ]
[ info ] [ DB ] INIT mysql
[ info ] [ TOKEN ] INIT Mysql
[ info ] [ RUN ] app\index\controller\Down->index[ C:\Users\hack\Desktop\fastadmin\application\index\controller\Down.php ]
[ info ] [ VIEW ] C:\Users\hack\Desktop\fastadmin\public/../application/index\view\down\index.html [ array (
  0 => 'category',
  1 => 'user',
  2 => 'site',
  3 => 'config',
) ]
[ info ] [ LOG ] INIT File
[ sql ] [ DB ] CONNECT:[ UseTime:0.158146s ] mysql:host=127.0.0.1;dbname=fastadmin;charset=utf8
[ sql ] [ SQL ] SHOW COLUMNS FROM `fa_category` [ RunTime:0.014384s ]
[ sql ] [ SQL ] SELECT * FROM `fa_category` WHERE  `pid` = 0 [ RunTime:0.000608s ]
[ sql ] [ SQL ] SHOW COLUMNS FROM `fa_user_token` [ RunTime:0.059716s ]
[ sql ] [ SQL ] SELECT * FROM `fa_user_token` WHERE  `token` = '99495bf931c89982cc1292601e6c99e6751b62aa' LIMIT 1 [ RunTime:0.000433s ]
[ sql ] [ SQL ] SHOW COLUMNS FROM `fa_user` [ RunTime:0.032005s ]
[ sql ] [ SQL ] SELECT * FROM `fa_user` WHERE  `id` = 1 LIMIT 1 [ RunTime:0.000666s ]
[ sql ] [ SQL ] SHOW COLUMNS FROM `fa_down` [ RunTime:0.034468s ]
[ sql ] [ SQL ] SELECT * FROM `fa_down` WHERE  `id` = 0 LIMIT 1 [ RunTime:0.000451s ]
---------------------------------------------------------------
[ 2019-07-21T20:09:35+08:00 ] 127.0.0.1 GET fastadmin.com/index/down/index/id/static/js/bootstrap.min.js
[运行时间：0.507591s] [吞吐率：1.97req/s] [内存消耗：3,327.65kb] [文件加载：131]
[ info ] [ BEHAVIOR ] Run Closure @app_init [ RunTime:0.000137s ]
[ info ] [ CACHE ] INIT File
[ info ] [ BEHAVIOR ] Run Closure @app_init [ RunTime:0.016989s ]
[ info ] [ LANG ] C:\Users\hack\Desktop\fastadmin\thinkphp\lang\zh-cn.php
[ info ] [ ROUTE ] array (
  'type' => 'module',
  'module' => 
  array (
    0 => 'index',
    1 => 'down',
    2 => 'index',
  ),
)
[ info ] [ HEADER ] array (
  'cookie' => 'PHPSESSID=6n4fam4hi2nl2uns1iqmsi1s0j; uid=1; token=62e90da8-39d6-4b2c-b391-36483813cdb5',
  'accept-language' => 'zh-CN,zh;q=0.9',
  'accept-encoding' => 'gzip, deflate',
  'referer' => 'http://fastadmin.com/index/down/index/id/632',
  'accept' => '*/*',
  'user-agent' => 'Mozilla/5.0 (Windows NT 10.0; Win64; x64) AppleWebKit/537.36 (KHTML, like Gecko) Chrome/75.0.3770.100 Safari/537.36',
  'connection' => 'close',
  'host' => 'fastadmin.com',
)
[ info ] [ PARAM ] array (
  'id' => 'static',
  'js' => 'bootstrap.min.js',
)
[ info ] [ LANG ] C:\Users\hack\Desktop\fastadmin\public/../application/index\lang\zh-cn.php
[ info ] [ BEHAVIOR ] Run app\common\behavior\Common @module_init [ RunTime:0.002575s ]
[ info ] [ DB ] INIT mysql
[ info ] [ TOKEN ] INIT Mysql
[ info ] [ RUN ] app\index\controller\Down->index[ C:\Users\hack\Desktop\fastadmin\application\index\controller\Down.php ]
[ info ] [ VIEW ] C:\Users\hack\Desktop\fastadmin\public/../application/index\view\down\index.html [ array (
  0 => 'category',
  1 => 'user',
  2 => 'site',
  3 => 'config',
) ]
[ info ] [ LOG ] INIT File
[ sql ] [ DB ] CONNECT:[ UseTime:0.189517s ] mysql:host=127.0.0.1;dbname=fastadmin;charset=utf8
[ sql ] [ SQL ] SHOW COLUMNS FROM `fa_category` [ RunTime:0.076318s ]
[ sql ] [ SQL ] SELECT * FROM `fa_category` WHERE  `pid` = 0 [ RunTime:0.000523s ]
[ sql ] [ SQL ] SHOW COLUMNS FROM `fa_user_token` [ RunTime:0.030492s ]
[ sql ] [ SQL ] SELECT * FROM `fa_user_token` WHERE  `token` = '99495bf931c89982cc1292601e6c99e6751b62aa' LIMIT 1 [ RunTime:0.000528s ]
[ sql ] [ SQL ] SHOW COLUMNS FROM `fa_user` [ RunTime:0.033958s ]
[ sql ] [ SQL ] SELECT * FROM `fa_user` WHERE  `id` = 1 LIMIT 1 [ RunTime:0.000545s ]
[ sql ] [ SQL ] SHOW COLUMNS FROM `fa_down` [ RunTime:0.022130s ]
[ sql ] [ SQL ] SELECT * FROM `fa_down` WHERE  `id` = 0 LIMIT 1 [ RunTime:0.001633s ]
---------------------------------------------------------------
[ 2019-07-21T20:09:35+08:00 ] 127.0.0.1 GET fastadmin.com/index/down/index/id/static/js/swiper.min.js
[运行时间：0.508792s] [吞吐率：1.97req/s] [内存消耗：3,327.64kb] [文件加载：131]
[ info ] [ BEHAVIOR ] Run Closure @app_init [ RunTime:0.000137s ]
[ info ] [ CACHE ] INIT File
[ info ] [ BEHAVIOR ] Run Closure @app_init [ RunTime:0.039867s ]
[ info ] [ LANG ] C:\Users\hack\Desktop\fastadmin\thinkphp\lang\zh-cn.php
[ info ] [ ROUTE ] array (
  'type' => 'module',
  'module' => 
  array (
    0 => 'index',
    1 => 'down',
    2 => 'index',
  ),
)
[ info ] [ HEADER ] array (
  'cookie' => 'PHPSESSID=6n4fam4hi2nl2uns1iqmsi1s0j; uid=1; token=62e90da8-39d6-4b2c-b391-36483813cdb5',
  'accept-language' => 'zh-CN,zh;q=0.9',
  'accept-encoding' => 'gzip, deflate',
  'referer' => 'http://fastadmin.com/index/down/index/id/632',
  'accept' => '*/*',
  'user-agent' => 'Mozilla/5.0 (Windows NT 10.0; Win64; x64) AppleWebKit/537.36 (KHTML, like Gecko) Chrome/75.0.3770.100 Safari/537.36',
  'connection' => 'close',
  'host' => 'fastadmin.com',
)
[ info ] [ PARAM ] array (
  'id' => 'static',
  'js' => 'swiper.min.js',
)
[ info ] [ LANG ] C:\Users\hack\Desktop\fastadmin\public/../application/index\lang\zh-cn.php
[ info ] [ BEHAVIOR ] Run app\common\behavior\Common @module_init [ RunTime:0.002705s ]
[ info ] [ DB ] INIT mysql
[ info ] [ TOKEN ] INIT Mysql
[ info ] [ RUN ] app\index\controller\Down->index[ C:\Users\hack\Desktop\fastadmin\application\index\controller\Down.php ]
[ info ] [ VIEW ] C:\Users\hack\Desktop\fastadmin\public/../application/index\view\down\index.html [ array (
  0 => 'category',
  1 => 'user',
  2 => 'site',
  3 => 'config',
) ]
[ info ] [ LOG ] INIT File
[ sql ] [ DB ] CONNECT:[ UseTime:0.178512s ] mysql:host=127.0.0.1;dbname=fastadmin;charset=utf8
[ sql ] [ SQL ] SHOW COLUMNS FROM `fa_category` [ RunTime:0.052598s ]
[ sql ] [ SQL ] SELECT * FROM `fa_category` WHERE  `pid` = 0 [ RunTime:0.000503s ]
[ sql ] [ SQL ] SHOW COLUMNS FROM `fa_user_token` [ RunTime:0.029414s ]
[ sql ] [ SQL ] SELECT * FROM `fa_user_token` WHERE  `token` = '99495bf931c89982cc1292601e6c99e6751b62aa' LIMIT 1 [ RunTime:0.000505s ]
[ sql ] [ SQL ] SHOW COLUMNS FROM `fa_user` [ RunTime:0.052092s ]
[ sql ] [ SQL ] SELECT * FROM `fa_user` WHERE  `id` = 1 LIMIT 1 [ RunTime:0.000524s ]
[ sql ] [ SQL ] SHOW COLUMNS FROM `fa_down` [ RunTime:0.029731s ]
[ sql ] [ SQL ] SELECT * FROM `fa_down` WHERE  `id` = 0 LIMIT 1 [ RunTime:0.000384s ]
---------------------------------------------------------------
[ 2019-07-21T20:09:35+08:00 ] 127.0.0.1 GET fastadmin.com/index/down/index/id/static/picture/72a225ad6f824459a7625aef4c87c261.gif
[运行时间：0.223637s] [吞吐率：4.47req/s] [内存消耗：3,328.24kb] [文件加载：131]
[ info ] [ BEHAVIOR ] Run Closure @app_init [ RunTime:0.000020s ]
[ info ] [ CACHE ] INIT File
[ info ] [ BEHAVIOR ] Run Closure @app_init [ RunTime:0.002802s ]
[ info ] [ LANG ] C:\Users\hack\Desktop\fastadmin\thinkphp\lang\zh-cn.php
[ info ] [ ROUTE ] array (
  'type' => 'module',
  'module' => 
  array (
    0 => 'index',
    1 => 'down',
    2 => 'index',
  ),
)
[ info ] [ HEADER ] array (
  'cookie' => 'PHPSESSID=6n4fam4hi2nl2uns1iqmsi1s0j; uid=1; token=62e90da8-39d6-4b2c-b391-36483813cdb5',
  'accept-language' => 'zh-CN,zh;q=0.9',
  'accept-encoding' => 'gzip, deflate',
  'referer' => 'http://fastadmin.com/index/down/index/id/632',
  'accept' => 'image/webp,image/apng,image/*,*/*;q=0.8',
  'user-agent' => 'Mozilla/5.0 (Windows NT 10.0; Win64; x64) AppleWebKit/537.36 (KHTML, like Gecko) Chrome/75.0.3770.100 Safari/537.36',
  'connection' => 'close',
  'host' => 'fastadmin.com',
)
[ info ] [ PARAM ] array (
  'id' => 'static',
  'picture' => '72a225ad6f824459a7625aef4c87c261.gif',
)
[ info ] [ LANG ] C:\Users\hack\Desktop\fastadmin\public/../application/index\lang\zh-cn.php
[ info ] [ BEHAVIOR ] Run app\common\behavior\Common @module_init [ RunTime:0.003051s ]
[ info ] [ DB ] INIT mysql
[ info ] [ TOKEN ] INIT Mysql
[ info ] [ RUN ] app\index\controller\Down->index[ C:\Users\hack\Desktop\fastadmin\application\index\controller\Down.php ]
[ info ] [ VIEW ] C:\Users\hack\Desktop\fastadmin\public/../application/index\view\down\index.html [ array (
  0 => 'category',
  1 => 'user',
  2 => 'site',
  3 => 'config',
) ]
[ info ] [ LOG ] INIT File
[ sql ] [ DB ] CONNECT:[ UseTime:0.018656s ] mysql:host=127.0.0.1;dbname=fastadmin;charset=utf8
[ sql ] [ SQL ] SHOW COLUMNS FROM `fa_category` [ RunTime:0.028153s ]
[ sql ] [ SQL ] SELECT * FROM `fa_category` WHERE  `pid` = 0 [ RunTime:0.000632s ]
[ sql ] [ SQL ] SHOW COLUMNS FROM `fa_user_token` [ RunTime:0.028131s ]
[ sql ] [ SQL ] SELECT * FROM `fa_user_token` WHERE  `token` = '99495bf931c89982cc1292601e6c99e6751b62aa' LIMIT 1 [ RunTime:0.000524s ]
[ sql ] [ SQL ] SHOW COLUMNS FROM `fa_user` [ RunTime:0.033307s ]
[ sql ] [ SQL ] SELECT * FROM `fa_user` WHERE  `id` = 1 LIMIT 1 [ RunTime:0.000526s ]
[ sql ] [ SQL ] SHOW COLUMNS FROM `fa_down` [ RunTime:0.021868s ]
[ sql ] [ SQL ] SELECT * FROM `fa_down` WHERE  `id` = 0 LIMIT 1 [ RunTime:0.000474s ]
---------------------------------------------------------------
[ 2019-07-21T20:09:35+08:00 ] 127.0.0.1 GET fastadmin.com/index/down/index/id/static/js/layer.js
[运行时间：0.436167s] [吞吐率：2.29req/s] [内存消耗：3,327.33kb] [文件加载：131]
[ info ] [ BEHAVIOR ] Run Closure @app_init [ RunTime:0.000197s ]
[ info ] [ CACHE ] INIT File
[ info ] [ BEHAVIOR ] Run Closure @app_init [ RunTime:0.055891s ]
[ info ] [ LANG ] C:\Users\hack\Desktop\fastadmin\thinkphp\lang\zh-cn.php
[ info ] [ ROUTE ] array (
  'type' => 'module',
  'module' => 
  array (
    0 => 'index',
    1 => 'down',
    2 => 'index',
  ),
)
[ info ] [ HEADER ] array (
  'cookie' => 'PHPSESSID=6n4fam4hi2nl2uns1iqmsi1s0j; uid=1; token=62e90da8-39d6-4b2c-b391-36483813cdb5',
  'accept-language' => 'zh-CN,zh;q=0.9',
  'accept-encoding' => 'gzip, deflate',
  'referer' => 'http://fastadmin.com/index/down/index/id/632',
  'accept' => '*/*',
  'user-agent' => 'Mozilla/5.0 (Windows NT 10.0; Win64; x64) AppleWebKit/537.36 (KHTML, like Gecko) Chrome/75.0.3770.100 Safari/537.36',
  'connection' => 'close',
  'host' => 'fastadmin.com',
)
[ info ] [ PARAM ] array (
  'id' => 'static',
  'js' => 'layer.js',
)
[ info ] [ LANG ] C:\Users\hack\Desktop\fastadmin\public/../application/index\lang\zh-cn.php
[ info ] [ BEHAVIOR ] Run app\common\behavior\Common @module_init [ RunTime:0.002714s ]
[ info ] [ DB ] INIT mysql
[ info ] [ TOKEN ] INIT Mysql
[ info ] [ RUN ] app\index\controller\Down->index[ C:\Users\hack\Desktop\fastadmin\application\index\controller\Down.php ]
[ info ] [ VIEW ] C:\Users\hack\Desktop\fastadmin\public/../application/index\view\down\index.html [ array (
  0 => 'category',
  1 => 'user',
  2 => 'site',
  3 => 'config',
) ]
[ info ] [ LOG ] INIT File
[ sql ] [ DB ] CONNECT:[ UseTime:0.078296s ] mysql:host=127.0.0.1;dbname=fastadmin;charset=utf8
[ sql ] [ SQL ] SHOW COLUMNS FROM `fa_category` [ RunTime:0.048433s ]
[ sql ] [ SQL ] SELECT * FROM `fa_category` WHERE  `pid` = 0 [ RunTime:0.001114s ]
[ sql ] [ SQL ] SHOW COLUMNS FROM `fa_user_token` [ RunTime:0.028221s ]
[ sql ] [ SQL ] SELECT * FROM `fa_user_token` WHERE  `token` = '99495bf931c89982cc1292601e6c99e6751b62aa' LIMIT 1 [ RunTime:0.000391s ]
[ sql ] [ SQL ] SHOW COLUMNS FROM `fa_user` [ RunTime:0.022880s ]
[ sql ] [ SQL ] SELECT * FROM `fa_user` WHERE  `id` = 1 LIMIT 1 [ RunTime:0.000588s ]
[ sql ] [ SQL ] SHOW COLUMNS FROM `fa_down` [ RunTime:0.014234s ]
[ sql ] [ SQL ] SELECT * FROM `fa_down` WHERE  `id` = 0 LIMIT 1 [ RunTime:0.000446s ]
---------------------------------------------------------------
[ 2019-07-21T20:09:35+08:00 ] 127.0.0.1 GET fastadmin.com/index/down/index/id/static/picture/enterprisehost.png
[运行时间：0.271419s] [吞吐率：3.68req/s] [内存消耗：3,328.10kb] [文件加载：131]
[ info ] [ BEHAVIOR ] Run Closure @app_init [ RunTime:0.000022s ]
[ info ] [ CACHE ] INIT File
[ info ] [ BEHAVIOR ] Run Closure @app_init [ RunTime:0.024236s ]
[ info ] [ LANG ] C:\Users\hack\Desktop\fastadmin\thinkphp\lang\zh-cn.php
[ info ] [ ROUTE ] array (
  'type' => 'module',
  'module' => 
  array (
    0 => 'index',
    1 => 'down',
    2 => 'index',
  ),
)
[ info ] [ HEADER ] array (
  'cookie' => 'PHPSESSID=6n4fam4hi2nl2uns1iqmsi1s0j; uid=1; token=62e90da8-39d6-4b2c-b391-36483813cdb5',
  'accept-language' => 'zh-CN,zh;q=0.9',
  'accept-encoding' => 'gzip, deflate',
  'referer' => 'http://fastadmin.com/index/down/index/id/632',
  'accept' => 'image/webp,image/apng,image/*,*/*;q=0.8',
  'user-agent' => 'Mozilla/5.0 (Windows NT 10.0; Win64; x64) AppleWebKit/537.36 (KHTML, like Gecko) Chrome/75.0.3770.100 Safari/537.36',
  'connection' => 'close',
  'host' => 'fastadmin.com',
)
[ info ] [ PARAM ] array (
  'id' => 'static',
  'picture' => 'enterprisehost.png',
)
[ info ] [ LANG ] C:\Users\hack\Desktop\fastadmin\public/../application/index\lang\zh-cn.php
[ info ] [ BEHAVIOR ] Run app\common\behavior\Common @module_init [ RunTime:0.002405s ]
[ info ] [ DB ] INIT mysql
[ info ] [ TOKEN ] INIT Mysql
[ info ] [ RUN ] app\index\controller\Down->index[ C:\Users\hack\Desktop\fastadmin\application\index\controller\Down.php ]
[ info ] [ VIEW ] C:\Users\hack\Desktop\fastadmin\public/../application/index\view\down\index.html [ array (
  0 => 'category',
  1 => 'user',
  2 => 'site',
  3 => 'config',
) ]
[ info ] [ LOG ] INIT File
[ sql ] [ DB ] CONNECT:[ UseTime:0.004409s ] mysql:host=127.0.0.1;dbname=fastadmin;charset=utf8
[ sql ] [ SQL ] SHOW COLUMNS FROM `fa_category` [ RunTime:0.029262s ]
[ sql ] [ SQL ] SELECT * FROM `fa_category` WHERE  `pid` = 0 [ RunTime:0.000816s ]
[ sql ] [ SQL ] SHOW COLUMNS FROM `fa_user_token` [ RunTime:0.021517s ]
[ sql ] [ SQL ] SELECT * FROM `fa_user_token` WHERE  `token` = '99495bf931c89982cc1292601e6c99e6751b62aa' LIMIT 1 [ RunTime:0.000474s ]
[ sql ] [ SQL ] SHOW COLUMNS FROM `fa_user` [ RunTime:0.013525s ]
[ sql ] [ SQL ] SELECT * FROM `fa_user` WHERE  `id` = 1 LIMIT 1 [ RunTime:0.000753s ]
[ sql ] [ SQL ] SHOW COLUMNS FROM `fa_down` [ RunTime:0.028873s ]
[ sql ] [ SQL ] SELECT * FROM `fa_down` WHERE  `id` = 0 LIMIT 1 [ RunTime:0.000482s ]
---------------------------------------------------------------
[ 2019-07-21T20:09:36+08:00 ] 127.0.0.1 GET fastadmin.com/index/down/index/id/static/picture/cms.png
[运行时间：0.177176s] [吞吐率：5.64req/s] [内存消耗：3,327.98kb] [文件加载：131]
[ info ] [ BEHAVIOR ] Run Closure @app_init [ RunTime:0.000023s ]
[ info ] [ CACHE ] INIT File
[ info ] [ BEHAVIOR ] Run Closure @app_init [ RunTime:0.003284s ]
[ info ] [ LANG ] C:\Users\hack\Desktop\fastadmin\thinkphp\lang\zh-cn.php
[ info ] [ ROUTE ] array (
  'type' => 'module',
  'module' => 
  array (
    0 => 'index',
    1 => 'down',
    2 => 'index',
  ),
)
[ info ] [ HEADER ] array (
  'cookie' => 'PHPSESSID=6n4fam4hi2nl2uns1iqmsi1s0j; uid=1; token=62e90da8-39d6-4b2c-b391-36483813cdb5',
  'accept-language' => 'zh-CN,zh;q=0.9',
  'accept-encoding' => 'gzip, deflate',
  'referer' => 'http://fastadmin.com/index/down/index/id/632',
  'accept' => 'image/webp,image/apng,image/*,*/*;q=0.8',
  'user-agent' => 'Mozilla/5.0 (Windows NT 10.0; Win64; x64) AppleWebKit/537.36 (KHTML, like Gecko) Chrome/75.0.3770.100 Safari/537.36',
  'connection' => 'close',
  'host' => 'fastadmin.com',
)
[ info ] [ PARAM ] array (
  'id' => 'static',
  'picture' => 'cms.png',
)
[ info ] [ LANG ] C:\Users\hack\Desktop\fastadmin\public/../application/index\lang\zh-cn.php
[ info ] [ BEHAVIOR ] Run app\common\behavior\Common @module_init [ RunTime:0.003279s ]
[ info ] [ DB ] INIT mysql
[ info ] [ TOKEN ] INIT Mysql
[ info ] [ RUN ] app\index\controller\Down->index[ C:\Users\hack\Desktop\fastadmin\application\index\controller\Down.php ]
[ info ] [ VIEW ] C:\Users\hack\Desktop\fastadmin\public/../application/index\view\down\index.html [ array (
  0 => 'category',
  1 => 'user',
  2 => 'site',
  3 => 'config',
) ]
[ info ] [ LOG ] INIT File
[ sql ] [ DB ] CONNECT:[ UseTime:0.003022s ] mysql:host=127.0.0.1;dbname=fastadmin;charset=utf8
[ sql ] [ SQL ] SHOW COLUMNS FROM `fa_category` [ RunTime:0.014177s ]
[ sql ] [ SQL ] SELECT * FROM `fa_category` WHERE  `pid` = 0 [ RunTime:0.000949s ]
[ sql ] [ SQL ] SHOW COLUMNS FROM `fa_user_token` [ RunTime:0.012455s ]
[ sql ] [ SQL ] SELECT * FROM `fa_user_token` WHERE  `token` = '99495bf931c89982cc1292601e6c99e6751b62aa' LIMIT 1 [ RunTime:0.000516s ]
[ sql ] [ SQL ] SHOW COLUMNS FROM `fa_user` [ RunTime:0.027964s ]
[ sql ] [ SQL ] SELECT * FROM `fa_user` WHERE  `id` = 1 LIMIT 1 [ RunTime:0.000741s ]
[ sql ] [ SQL ] SHOW COLUMNS FROM `fa_down` [ RunTime:0.016133s ]
[ sql ] [ SQL ] SELECT * FROM `fa_down` WHERE  `id` = 0 LIMIT 1 [ RunTime:0.000472s ]
---------------------------------------------------------------
[ 2019-07-21T20:09:36+08:00 ] 127.0.0.1 GET fastadmin.com/index/down/index/id/static/picture/wxpublic.png
[运行时间：0.170545s] [吞吐率：5.86req/s] [内存消耗：3,328.05kb] [文件加载：131]
[ info ] [ BEHAVIOR ] Run Closure @app_init [ RunTime:0.000023s ]
[ info ] [ CACHE ] INIT File
[ info ] [ BEHAVIOR ] Run Closure @app_init [ RunTime:0.003378s ]
[ info ] [ LANG ] C:\Users\hack\Desktop\fastadmin\thinkphp\lang\zh-cn.php
[ info ] [ ROUTE ] array (
  'type' => 'module',
  'module' => 
  array (
    0 => 'index',
    1 => 'down',
    2 => 'index',
  ),
)
[ info ] [ HEADER ] array (
  'cookie' => 'PHPSESSID=6n4fam4hi2nl2uns1iqmsi1s0j; uid=1; token=62e90da8-39d6-4b2c-b391-36483813cdb5',
  'accept-language' => 'zh-CN,zh;q=0.9',
  'accept-encoding' => 'gzip, deflate',
  'referer' => 'http://fastadmin.com/index/down/index/id/632',
  'accept' => 'image/webp,image/apng,image/*,*/*;q=0.8',
  'user-agent' => 'Mozilla/5.0 (Windows NT 10.0; Win64; x64) AppleWebKit/537.36 (KHTML, like Gecko) Chrome/75.0.3770.100 Safari/537.36',
  'connection' => 'close',
  'host' => 'fastadmin.com',
)
[ info ] [ PARAM ] array (
  'id' => 'static',
  'picture' => 'wxpublic.png',
)
[ info ] [ LANG ] C:\Users\hack\Desktop\fastadmin\public/../application/index\lang\zh-cn.php
[ info ] [ BEHAVIOR ] Run app\common\behavior\Common @module_init [ RunTime:0.002924s ]
[ info ] [ DB ] INIT mysql
[ info ] [ TOKEN ] INIT Mysql
[ info ] [ RUN ] app\index\controller\Down->index[ C:\Users\hack\Desktop\fastadmin\application\index\controller\Down.php ]
[ info ] [ VIEW ] C:\Users\hack\Desktop\fastadmin\public/../application/index\view\down\index.html [ array (
  0 => 'category',
  1 => 'user',
  2 => 'site',
  3 => 'config',
) ]
[ info ] [ LOG ] INIT File
[ sql ] [ DB ] CONNECT:[ UseTime:0.003392s ] mysql:host=127.0.0.1;dbname=fastadmin;charset=utf8
[ sql ] [ SQL ] SHOW COLUMNS FROM `fa_category` [ RunTime:0.021917s ]
[ sql ] [ SQL ] SELECT * FROM `fa_category` WHERE  `pid` = 0 [ RunTime:0.000624s ]
[ sql ] [ SQL ] SHOW COLUMNS FROM `fa_user_token` [ RunTime:0.015591s ]
[ sql ] [ SQL ] SELECT * FROM `fa_user_token` WHERE  `token` = '99495bf931c89982cc1292601e6c99e6751b62aa' LIMIT 1 [ RunTime:0.000472s ]
[ sql ] [ SQL ] SHOW COLUMNS FROM `fa_user` [ RunTime:0.014536s ]
[ sql ] [ SQL ] SELECT * FROM `fa_user` WHERE  `id` = 1 LIMIT 1 [ RunTime:0.000653s ]
[ sql ] [ SQL ] SHOW COLUMNS FROM `fa_down` [ RunTime:0.011966s ]
[ sql ] [ SQL ] SELECT * FROM `fa_down` WHERE  `id` = 0 LIMIT 1 [ RunTime:0.000621s ]
