---------------------------------------------------------------
[ 2019-07-27T10:51:24+08:00 ] 127.0.0.1 GET fastadmin.com/admin
[运行时间：0.072405s] [吞吐率：13.81req/s] [内存消耗：1,716.38kb] [文件加载：110]
[ info ] [ BEHAVIOR ] Run Closure @app_init [ RunTime:0.000167s ]
[ info ] [ CACHE ] INIT File
[ info ] [ BEHAVIOR ] Run Closure @app_init [ RunTime:0.002922s ]
[ info ] [ LANG ] C:\Users\Administrator\Desktop\fastadmin\thinkphp\lang\zh-cn.php
[ info ] [ ROUTE ] array (
  'type' => 'module',
  'module' => 
  array (
    0 => 'admin',
    1 => NULL,
    2 => NULL,
  ),
)
[ info ] [ HEADER ] array (
  'cookie' => '__tad=1563182280.7010886; uid=1; token=09e182ed-a263-4242-a4d4-32e113f0fee7; Hm_lvt_f8d0a8c400404989e195270b0bbf060a=1563182408,1563334967; bdshare_firstime=1563959702098',
  'accept-language' => 'zh-CN,zh;q=0.9',
  'accept-encoding' => 'gzip, deflate',
  'purpose' => 'prefetch',
  'accept' => 'text/html,application/xhtml+xml,application/xml;q=0.9,image/webp,image/apng,*/*;q=0.8,application/signed-exchange;v=b3',
  'user-agent' => 'Mozilla/5.0 (Windows NT 10.0; Win64; x64) AppleWebKit/537.36 (KHTML, like Gecko) Chrome/75.0.3770.142 Safari/537.36',
  'upgrade-insecure-requests' => '1',
  'connection' => 'close',
  'host' => 'fastadmin.com',
)
[ info ] [ PARAM ] array (
)
[ info ] [ LOG ] INIT File
---------------------------------------------------------------
[ 2019-07-27T10:51:27+08:00 ] 127.0.0.1 GET fastadmin.com/adminwenwen.php
[运行时间：0.086990s] [吞吐率：11.50req/s] [内存消耗：2,481.70kb] [文件加载：126]
[ info ] [ BEHAVIOR ] Run Closure @app_init [ RunTime:0.000017s ]
[ info ] [ CACHE ] INIT File
[ info ] [ BEHAVIOR ] Run Closure @app_init [ RunTime:0.002308s ]
[ info ] [ LANG ] C:\Users\Administrator\Desktop\fastadmin\thinkphp\lang\zh-cn.php
[ info ] [ ROUTE ] array (
  'type' => 'module',
  'module' => 
  array (
    0 => 'admin',
    1 => NULL,
    2 => NULL,
  ),
)
[ info ] [ HEADER ] array (
  'cookie' => '__tad=1563182280.7010886; uid=1; token=09e182ed-a263-4242-a4d4-32e113f0fee7; Hm_lvt_f8d0a8c400404989e195270b0bbf060a=1563182408,1563334967; bdshare_firstime=1563959702098',
  'accept-language' => 'zh-CN,zh;q=0.9',
  'accept-encoding' => 'gzip, deflate',
  'accept' => 'text/html,application/xhtml+xml,application/xml;q=0.9,image/webp,image/apng,*/*;q=0.8,application/signed-exchange;v=b3',
  'user-agent' => 'Mozilla/5.0 (Windows NT 10.0; Win64; x64) AppleWebKit/537.36 (KHTML, like Gecko) Chrome/75.0.3770.142 Safari/537.36',
  'upgrade-insecure-requests' => '1',
  'connection' => 'close',
  'host' => 'fastadmin.com',
)
[ info ] [ PARAM ] array (
)
[ info ] [ LANG ] C:\Users\Administrator\Desktop\fastadmin\public/../application/admin\lang\zh-cn.php
[ info ] [ BEHAVIOR ] Run app\common\behavior\Common @module_init [ RunTime:0.002519s ]
[ info ] [ SESSION ] INIT array (
  'id' => '',
  'var_session_id' => '',
  'prefix' => 'think',
  'type' => '',
  'auto_start' => true,
)
[ info ] [ VIEW ] C:\Users\Administrator\Desktop\fastadmin\public/../application/common\view\tpl\dispatch_jump.tpl [ array (
  0 => 'code',
  1 => 'msg',
  2 => 'data',
  3 => 'url',
  4 => 'wait',
) ]
[ info ] [ BEHAVIOR ] Run app\admin\behavior\AdminLog @app_end [ RunTime:0.000689s ]
[ info ] [ LOG ] INIT File
---------------------------------------------------------------
[ 2019-07-27T10:51:29+08:00 ] 127.0.0.1 GET fastadmin.com/adminwenwen.php/index/login?url=%2Fadminwenwen.php
[运行时间：0.078855s] [吞吐率：12.68req/s] [内存消耗：2,856.45kb] [文件加载：129]
[ info ] [ BEHAVIOR ] Run Closure @app_init [ RunTime:0.000018s ]
[ info ] [ CACHE ] INIT File
[ info ] [ BEHAVIOR ] Run Closure @app_init [ RunTime:0.002234s ]
[ info ] [ LANG ] C:\Users\Administrator\Desktop\fastadmin\thinkphp\lang\zh-cn.php
[ info ] [ ROUTE ] array (
  'type' => 'module',
  'module' => 
  array (
    0 => 'admin',
    1 => 'index',
    2 => 'login',
  ),
)
[ info ] [ HEADER ] array (
  'cookie' => '__tad=1563182280.7010886; uid=1; token=09e182ed-a263-4242-a4d4-32e113f0fee7; Hm_lvt_f8d0a8c400404989e195270b0bbf060a=1563182408,1563334967; bdshare_firstime=1563959702098; PHPSESSID=57p3g2lgahodpbbrt5kj3blf9a; thinkphp_show_page_trace=0|0',
  'accept-language' => 'zh-CN,zh;q=0.9',
  'accept-encoding' => 'gzip, deflate',
  'referer' => 'http://fastadmin.com/adminwenwen.php',
  'accept' => 'text/html,application/xhtml+xml,application/xml;q=0.9,image/webp,image/apng,*/*;q=0.8,application/signed-exchange;v=b3',
  'user-agent' => 'Mozilla/5.0 (Windows NT 10.0; Win64; x64) AppleWebKit/537.36 (KHTML, like Gecko) Chrome/75.0.3770.142 Safari/537.36',
  'upgrade-insecure-requests' => '1',
  'connection' => 'close',
  'host' => 'fastadmin.com',
)
[ info ] [ PARAM ] array (
  'url' => '/adminwenwen.php',
)
[ info ] [ LANG ] C:\Users\Administrator\Desktop\fastadmin\public/../application/admin\lang\zh-cn.php
[ info ] [ BEHAVIOR ] Run app\common\behavior\Common @module_init [ RunTime:0.001865s ]
[ info ] [ SESSION ] INIT array (
  'id' => '',
  'var_session_id' => '',
  'prefix' => 'think',
  'type' => '',
  'auto_start' => true,
)
[ info ] [ LANG ] C:\Users\Administrator\Desktop\fastadmin\public/../application/admin/lang/zh-cn/index.php
[ info ] [ RUN ] app\admin\controller\Index->login[ C:\Users\Administrator\Desktop\fastadmin\application\admin\controller\Index.php ]
[ info ] [ VIEW ] C:\Users\Administrator\Desktop\fastadmin\public/../application/admin\view\index\login.html [ array (
  0 => 'breadcrumb',
  1 => 'site',
  2 => 'config',
  3 => 'auth',
  4 => 'admin',
  5 => 'background',
  6 => 'title',
) ]
[ info ] [ BEHAVIOR ] Run app\admin\behavior\AdminLog @app_end [ RunTime:0.000421s ]
[ info ] [ LOG ] INIT File
---------------------------------------------------------------
[ 2019-07-27T10:51:29+08:00 ] 127.0.0.1 GET fastadmin.com/index.php?s=/captcha
[运行时间：0.088554s] [吞吐率：11.29req/s] [内存消耗：1,729.59kb] [文件加载：107]
[ info ] [ BEHAVIOR ] Run Closure @app_init [ RunTime:0.000034s ]
[ info ] [ CACHE ] INIT File
[ info ] [ BEHAVIOR ] Run Closure @app_init [ RunTime:0.005437s ]
[ info ] [ LANG ] C:\Users\Administrator\Desktop\fastadmin\thinkphp\lang\zh-cn.php
[ info ] [ ROUTE ] array (
  'type' => 'method',
  'method' => 
  array (
    0 => '\\think\\captcha\\CaptchaController',
    1 => 'index',
  ),
  'var' => 
  array (
  ),
)
[ info ] [ HEADER ] array (
  'cookie' => '__tad=1563182280.7010886; uid=1; token=09e182ed-a263-4242-a4d4-32e113f0fee7; Hm_lvt_f8d0a8c400404989e195270b0bbf060a=1563182408,1563334967; bdshare_firstime=1563959702098; PHPSESSID=57p3g2lgahodpbbrt5kj3blf9a; thinkphp_show_page_trace=0|0',
  'accept-language' => 'zh-CN,zh;q=0.9',
  'accept-encoding' => 'gzip, deflate',
  'referer' => 'http://fastadmin.com/adminwenwen.php/index/login?url=%2Fadminwenwen.php',
  'accept' => 'image/webp,image/apng,image/*,*/*;q=0.8',
  'user-agent' => 'Mozilla/5.0 (Windows NT 10.0; Win64; x64) AppleWebKit/537.36 (KHTML, like Gecko) Chrome/75.0.3770.142 Safari/537.36',
  'connection' => 'close',
  'host' => 'fastadmin.com',
)
[ info ] [ PARAM ] array (
  'id' => NULL,
)
[ info ] [ RUN ] think\captcha\CaptchaController->index[ C:\Users\Administrator\Desktop\fastadmin\vendor\topthink\think-captcha\src\CaptchaController.php ]
[ info ] [ SESSION ] INIT array (
  'id' => '',
  'var_session_id' => '',
  'prefix' => 'think',
  'type' => '',
  'auto_start' => true,
)
[ info ] [ LOG ] INIT File
---------------------------------------------------------------
[ 2019-07-27T10:51:29+08:00 ] 127.0.0.1 GET fastadmin.com/adminwenwen.php/ajax/lang?callback=define&controllername=index&v=1564195889
[运行时间：0.060668s] [吞吐率：16.48req/s] [内存消耗：2,800.61kb] [文件加载：127]
[ info ] [ BEHAVIOR ] Run Closure @app_init [ RunTime:0.000017s ]
[ info ] [ CACHE ] INIT File
[ info ] [ BEHAVIOR ] Run Closure @app_init [ RunTime:0.002729s ]
[ info ] [ LANG ] C:\Users\Administrator\Desktop\fastadmin\thinkphp\lang\zh-cn.php
[ info ] [ ROUTE ] array (
  'type' => 'module',
  'module' => 
  array (
    0 => 'admin',
    1 => 'ajax',
    2 => 'lang',
  ),
)
[ info ] [ HEADER ] array (
  'cookie' => '__tad=1563182280.7010886; uid=1; token=09e182ed-a263-4242-a4d4-32e113f0fee7; Hm_lvt_f8d0a8c400404989e195270b0bbf060a=1563182408,1563334967; bdshare_firstime=1563959702098; PHPSESSID=57p3g2lgahodpbbrt5kj3blf9a; thinkphp_show_page_trace=0|0',
  'accept-language' => 'zh-CN,zh;q=0.9',
  'accept-encoding' => 'gzip, deflate',
  'referer' => 'http://fastadmin.com/adminwenwen.php/index/login?url=%2Fadminwenwen.php',
  'accept' => '*/*',
  'user-agent' => 'Mozilla/5.0 (Windows NT 10.0; Win64; x64) AppleWebKit/537.36 (KHTML, like Gecko) Chrome/75.0.3770.142 Safari/537.36',
  'connection' => 'close',
  'host' => 'fastadmin.com',
)
[ info ] [ PARAM ] array (
  'callback' => 'define',
  'controllername' => 'index',
  'v' => '1564195889',
)
[ info ] [ LANG ] C:\Users\Administrator\Desktop\fastadmin\public/../application/admin\lang\zh-cn.php
[ info ] [ BEHAVIOR ] Run app\common\behavior\Common @module_init [ RunTime:0.001633s ]
[ info ] [ SESSION ] INIT array (
  'id' => '',
  'var_session_id' => '',
  'prefix' => 'think',
  'type' => '',
  'auto_start' => true,
)
[ info ] [ LANG ] C:\Users\Administrator\Desktop\fastadmin\public/../application/admin/lang/zh-cn/ajax.php
[ info ] [ RUN ] app\admin\controller\Ajax->lang[ C:\Users\Administrator\Desktop\fastadmin\application\admin\controller\Ajax.php ]
[ info ] [ LANG ] C:\Users\Administrator\Desktop\fastadmin\public/../application/admin/lang/zh-cn/index.php
[ info ] [ BEHAVIOR ] Run app\admin\behavior\AdminLog @app_end [ RunTime:0.000364s ]
[ info ] [ LOG ] INIT File
---------------------------------------------------------------
[ 2019-07-27T10:51:38+08:00 ] 127.0.0.1 POST fastadmin.com/adminwenwen.php/index/login?url=%2Fadminwenwen.php
[运行时间：0.142159s] [吞吐率：7.03req/s] [内存消耗：3,496.47kb] [文件加载：136]
[ info ] [ BEHAVIOR ] Run Closure @app_init [ RunTime:0.000014s ]
[ info ] [ CACHE ] INIT File
[ info ] [ BEHAVIOR ] Run Closure @app_init [ RunTime:0.002173s ]
[ info ] [ LANG ] C:\Users\Administrator\Desktop\fastadmin\thinkphp\lang\zh-cn.php
[ info ] [ ROUTE ] array (
  'type' => 'module',
  'module' => 
  array (
    0 => 'admin',
    1 => 'index',
    2 => 'login',
  ),
)
[ info ] [ HEADER ] array (
  'cookie' => 'thinkphp_show_page_trace=0|0; __tad=1563182280.7010886; uid=1; token=09e182ed-a263-4242-a4d4-32e113f0fee7; Hm_lvt_f8d0a8c400404989e195270b0bbf060a=1563182408,1563334967; bdshare_firstime=1563959702098; PHPSESSID=57p3g2lgahodpbbrt5kj3blf9a; thinkphp_show_page_trace=0|0',
  'accept-language' => 'zh-CN,zh;q=0.9',
  'accept-encoding' => 'gzip, deflate',
  'referer' => 'http://fastadmin.com/adminwenwen.php/index/login?url=%2Fadminwenwen.php',
  'content-type' => 'application/x-www-form-urlencoded; charset=UTF-8',
  'user-agent' => 'Mozilla/5.0 (Windows NT 10.0; Win64; x64) AppleWebKit/537.36 (KHTML, like Gecko) Chrome/75.0.3770.142 Safari/537.36',
  'x-requested-with' => 'XMLHttpRequest',
  'origin' => 'http://fastadmin.com',
  'accept' => 'application/json, text/javascript, */*; q=0.01',
  'content-length' => '86',
  'connection' => 'close',
  'host' => 'fastadmin.com',
)
[ info ] [ PARAM ] array (
  'url' => '/adminwenwen.php',
  '__token__' => 'e090bba6b527241cccfb619303122fd7',
  'username' => 'admin',
  'password' => '123123',
  'captcha' => 'ihd6',
)
[ info ] [ LANG ] C:\Users\Administrator\Desktop\fastadmin\public/../application/admin\lang\zh-cn.php
[ info ] [ BEHAVIOR ] Run app\common\behavior\Common @module_init [ RunTime:0.001685s ]
[ info ] [ SESSION ] INIT array (
  'id' => '',
  'var_session_id' => '',
  'prefix' => 'think',
  'type' => '',
  'auto_start' => true,
)
[ info ] [ LANG ] C:\Users\Administrator\Desktop\fastadmin\public/../application/admin/lang/zh-cn/index.php
[ info ] [ RUN ] app\admin\controller\Index->login[ C:\Users\Administrator\Desktop\fastadmin\application\admin\controller\Index.php ]
[ info ] [ DB ] INIT mysql
[ info ] [ BEHAVIOR ] Run app\admin\behavior\AdminLog @app_end [ RunTime:0.015905s ]
[ info ] [ LOG ] INIT File
[ sql ] [ DB ] CONNECT:[ UseTime:0.033227s ] mysql:host=127.0.0.1;dbname=fastadmin;charset=utf8
[ sql ] [ SQL ] SHOW COLUMNS FROM `fa_admin` [ RunTime:0.018379s ]
[ sql ] [ SQL ] SELECT * FROM `fa_admin` WHERE  `username` = 'admin' LIMIT 1 [ RunTime:0.002023s ]
[ sql ] [ SQL ] UPDATE `fa_admin`  SET `logintime`=1564195898,`token`='9f68ab60-4224-47b8-9623-3748f971ac2f',`updatetime`=1564195898  WHERE  `id` = 1 [ RunTime:0.002769s ]
[ sql ] [ SQL ] SHOW COLUMNS FROM `fa_admin_log` [ RunTime:0.011143s ]
[ sql ] [ SQL ] INSERT INTO `fa_admin_log` (`title` , `content` , `url` , `admin_id` , `username` , `useragent` , `ip` , `createtime`) VALUES ('登录' , '{\"url\":\"\\/adminwenwen.php\",\"__token__\":\"e090bba6b527241cccfb619303122fd7\",\"username\":\"admin\",\"captcha\":\"ihd6\"}' , '/adminwenwen.php/index/login?url=%2Fadminwenwen.php' , 1 , 'admin' , 'Mozilla/5.0 (Windows NT 10.0; Win64; x64) AppleWebKit/537.36 (KHTML, like Gecko) Chrome/75.0.3770.142 Safari/537.36' , '127.0.0.1' , 1564195898) [ RunTime:0.002988s ]
---------------------------------------------------------------
[ 2019-07-27T10:51:38+08:00 ] 127.0.0.1 GET fastadmin.com/adminwenwen.php
[运行时间：0.159867s] [吞吐率：6.26req/s] [内存消耗：3,768.27kb] [文件加载：147]
[ info ] [ BEHAVIOR ] Run Closure @app_init [ RunTime:0.000014s ]
[ info ] [ CACHE ] INIT File
[ info ] [ BEHAVIOR ] Run Closure @app_init [ RunTime:0.002306s ]
[ info ] [ LANG ] C:\Users\Administrator\Desktop\fastadmin\thinkphp\lang\zh-cn.php
[ info ] [ ROUTE ] array (
  'type' => 'module',
  'module' => 
  array (
    0 => 'admin',
    1 => NULL,
    2 => NULL,
  ),
)
[ info ] [ HEADER ] array (
  'cookie' => '__tad=1563182280.7010886; uid=1; token=09e182ed-a263-4242-a4d4-32e113f0fee7; Hm_lvt_f8d0a8c400404989e195270b0bbf060a=1563182408,1563334967; bdshare_firstime=1563959702098; PHPSESSID=57p3g2lgahodpbbrt5kj3blf9a; thinkphp_show_page_trace=0|0',
  'accept-language' => 'zh-CN,zh;q=0.9',
  'accept-encoding' => 'gzip, deflate',
  'referer' => 'http://fastadmin.com/adminwenwen.php/index/login?url=%2Fadminwenwen.php',
  'accept' => 'text/html,application/xhtml+xml,application/xml;q=0.9,image/webp,image/apng,*/*;q=0.8,application/signed-exchange;v=b3',
  'user-agent' => 'Mozilla/5.0 (Windows NT 10.0; Win64; x64) AppleWebKit/537.36 (KHTML, like Gecko) Chrome/75.0.3770.142 Safari/537.36',
  'upgrade-insecure-requests' => '1',
  'connection' => 'close',
  'host' => 'fastadmin.com',
)
[ info ] [ PARAM ] array (
)
[ info ] [ LANG ] C:\Users\Administrator\Desktop\fastadmin\public/../application/admin\lang\zh-cn.php
[ info ] [ BEHAVIOR ] Run app\common\behavior\Common @module_init [ RunTime:0.002088s ]
[ info ] [ SESSION ] INIT array (
  'id' => '',
  'var_session_id' => '',
  'prefix' => 'think',
  'type' => '',
  'auto_start' => true,
)
[ info ] [ LANG ] C:\Users\Administrator\Desktop\fastadmin\public/../application/admin/lang/zh-cn/index.php
[ info ] [ RUN ] app\admin\controller\Index->index[ C:\Users\Administrator\Desktop\fastadmin\application\admin\controller\Index.php ]
[ info ] [ DB ] INIT mysql
[ info ] [ VIEW ] C:\Users\Administrator\Desktop\fastadmin\public/../application/admin\view\index\index.html [ array (
  0 => 'breadcrumb',
  1 => 'site',
  2 => 'config',
  3 => 'auth',
  4 => 'admin',
  5 => 'menulist',
  6 => 'navlist',
  7 => 'fixedmenu',
  8 => 'referermenu',
  9 => 'title',
) ]
[ info ] [ BEHAVIOR ] Run app\admin\behavior\AdminLog @app_end [ RunTime:0.000385s ]
[ info ] [ LOG ] INIT File
[ sql ] [ DB ] CONNECT:[ UseTime:0.002188s ] mysql:host=127.0.0.1;dbname=fastadmin;charset=utf8
[ sql ] [ SQL ] SHOW COLUMNS FROM `fa_auth_group_access` [ RunTime:0.010093s ]
[ sql ] [ SQL ] SELECT `aga`.`uid`,`aga`.`group_id`,`ag`.`id`,`ag`.`pid`,`ag`.`name`,`ag`.`rules` FROM `fa_auth_group_access` `aga` LEFT JOIN `fa_auth_group` `ag` ON `aga`.`group_id`=`ag`.`id` WHERE  (  aga.uid='1' and ag.status='normal' ) [ RunTime:0.002569s ]
[ sql ] [ SQL ] SHOW COLUMNS FROM `fa_auth_rule` [ RunTime:0.011353s ]
[ sql ] [ SQL ] SELECT `id`,`pid`,`condition`,`icon`,`name`,`title`,`ismenu` FROM `fa_auth_rule` WHERE  `status` = 'normal' [ RunTime:0.000567s ]
[ sql ] [ SQL ] SELECT `name`,`pid` FROM `fa_auth_rule` WHERE  `status` = 'normal'  AND `ismenu` = 0  AND `name` LIKE '%/index' [ RunTime:0.000373s ]
---------------------------------------------------------------
[ 2019-07-27T10:51:39+08:00 ] 127.0.0.1 GET fastadmin.com/adminwenwen.php/dashboard?addtabs=1
[运行时间：0.115012s] [吞吐率：8.69req/s] [内存消耗：3,680.82kb] [文件加载：137]
[ info ] [ BEHAVIOR ] Run Closure @app_init [ RunTime:0.000024s ]
[ info ] [ CACHE ] INIT File
[ info ] [ BEHAVIOR ] Run Closure @app_init [ RunTime:0.004079s ]
[ info ] [ LANG ] C:\Users\Administrator\Desktop\fastadmin\thinkphp\lang\zh-cn.php
[ info ] [ ROUTE ] array (
  'type' => 'module',
  'module' => 
  array (
    0 => 'admin',
    1 => 'dashboard',
    2 => NULL,
  ),
)
[ info ] [ HEADER ] array (
  'cookie' => '__tad=1563182280.7010886; uid=1; token=09e182ed-a263-4242-a4d4-32e113f0fee7; Hm_lvt_f8d0a8c400404989e195270b0bbf060a=1563182408,1563334967; bdshare_firstime=1563959702098; PHPSESSID=57p3g2lgahodpbbrt5kj3blf9a; thinkphp_show_page_trace=0|0',
  'accept-language' => 'zh-CN,zh;q=0.9',
  'accept-encoding' => 'gzip, deflate',
  'referer' => 'http://fastadmin.com/adminwenwen.php',
  'accept' => 'text/html,application/xhtml+xml,application/xml;q=0.9,image/webp,image/apng,*/*;q=0.8,application/signed-exchange;v=b3',
  'user-agent' => 'Mozilla/5.0 (Windows NT 10.0; Win64; x64) AppleWebKit/537.36 (KHTML, like Gecko) Chrome/75.0.3770.142 Safari/537.36',
  'upgrade-insecure-requests' => '1',
  'connection' => 'close',
  'host' => 'fastadmin.com',
)
[ info ] [ PARAM ] array (
  'addtabs' => '1',
)
[ info ] [ LANG ] C:\Users\Administrator\Desktop\fastadmin\public/../application/admin\lang\zh-cn.php
[ info ] [ BEHAVIOR ] Run app\common\behavior\Common @module_init [ RunTime:0.002038s ]
[ info ] [ SESSION ] INIT array (
  'id' => '',
  'var_session_id' => '',
  'prefix' => 'think',
  'type' => '',
  'auto_start' => true,
)
[ info ] [ DB ] INIT mysql
[ info ] [ LANG ] C:\Users\Administrator\Desktop\fastadmin\public/../application/admin/lang/zh-cn/dashboard.php
[ info ] [ RUN ] app\admin\controller\Dashboard->index[ C:\Users\Administrator\Desktop\fastadmin\application\admin\controller\Dashboard.php ]
[ info ] [ VIEW ] C:\Users\Administrator\Desktop\fastadmin\public/../application/admin\view\dashboard\index.html [ array (
  0 => 'breadcrumb',
  1 => 'site',
  2 => 'config',
  3 => 'auth',
  4 => 'admin',
  5 => 'totaluser',
  6 => 'totalviews',
  7 => 'totalorder',
  8 => 'totalorderamount',
  9 => 'todayuserlogin',
  10 => 'todayusersignup',
  11 => 'todayorder',
  12 => 'unsettleorder',
  13 => 'sevendnu',
  14 => 'sevendau',
  15 => 'paylist',
  16 => 'createlist',
  17 => 'addonversion',
  18 => 'uploadmode',
) ]
[ info ] [ BEHAVIOR ] Run app\admin\behavior\AdminLog @app_end [ RunTime:0.000436s ]
[ info ] [ LOG ] INIT File
[ sql ] [ DB ] CONNECT:[ UseTime:0.001993s ] mysql:host=127.0.0.1;dbname=fastadmin;charset=utf8
[ sql ] [ SQL ] SHOW COLUMNS FROM `fa_auth_group_access` [ RunTime:0.008568s ]
[ sql ] [ SQL ] SELECT `aga`.`uid`,`aga`.`group_id`,`ag`.`id`,`ag`.`pid`,`ag`.`name`,`ag`.`rules` FROM `fa_auth_group_access` `aga` LEFT JOIN `fa_auth_group` `ag` ON `aga`.`group_id`=`ag`.`id` WHERE  (  aga.uid='1' and ag.status='normal' ) [ RunTime:0.000425s ]
[ sql ] [ SQL ] SHOW COLUMNS FROM `fa_auth_rule` [ RunTime:0.008294s ]
[ sql ] [ SQL ] SELECT `id`,`pid`,`condition`,`icon`,`name`,`title`,`ismenu` FROM `fa_auth_rule` WHERE  `status` = 'normal' [ RunTime:0.000623s ]
[ sql ] [ SQL ] SELECT `title`,`remark` FROM `fa_auth_rule` WHERE  `name` = 'dashboard' LIMIT 1 [ RunTime:0.000430s ]
---------------------------------------------------------------
[ 2019-07-27T10:51:39+08:00 ] 127.0.0.1 GET fastadmin.com/adminwenwen.php/ajax/lang?callback=define&controllername=index&v=1564195898
[运行时间：0.056274s] [吞吐率：17.77req/s] [内存消耗：2,801.39kb] [文件加载：127]
[ info ] [ BEHAVIOR ] Run Closure @app_init [ RunTime:0.000014s ]
[ info ] [ CACHE ] INIT File
[ info ] [ BEHAVIOR ] Run Closure @app_init [ RunTime:0.002123s ]
[ info ] [ LANG ] C:\Users\Administrator\Desktop\fastadmin\thinkphp\lang\zh-cn.php
[ info ] [ ROUTE ] array (
  'type' => 'module',
  'module' => 
  array (
    0 => 'admin',
    1 => 'ajax',
    2 => 'lang',
  ),
)
[ info ] [ HEADER ] array (
  'cookie' => '__tad=1563182280.7010886; uid=1; token=09e182ed-a263-4242-a4d4-32e113f0fee7; Hm_lvt_f8d0a8c400404989e195270b0bbf060a=1563182408,1563334967; bdshare_firstime=1563959702098; PHPSESSID=57p3g2lgahodpbbrt5kj3blf9a; thinkphp_show_page_trace=0|0',
  'accept-language' => 'zh-CN,zh;q=0.9',
  'accept-encoding' => 'gzip, deflate',
  'referer' => 'http://fastadmin.com/adminwenwen.php',
  'accept' => '*/*',
  'user-agent' => 'Mozilla/5.0 (Windows NT 10.0; Win64; x64) AppleWebKit/537.36 (KHTML, like Gecko) Chrome/75.0.3770.142 Safari/537.36',
  'connection' => 'close',
  'host' => 'fastadmin.com',
)
[ info ] [ PARAM ] array (
  'callback' => 'define',
  'controllername' => 'index',
  'v' => '1564195898',
)
[ info ] [ LANG ] C:\Users\Administrator\Desktop\fastadmin\public/../application/admin\lang\zh-cn.php
[ info ] [ BEHAVIOR ] Run app\common\behavior\Common @module_init [ RunTime:0.001633s ]
[ info ] [ SESSION ] INIT array (
  'id' => '',
  'var_session_id' => '',
  'prefix' => 'think',
  'type' => '',
  'auto_start' => true,
)
[ info ] [ LANG ] C:\Users\Administrator\Desktop\fastadmin\public/../application/admin/lang/zh-cn/ajax.php
[ info ] [ RUN ] app\admin\controller\Ajax->lang[ C:\Users\Administrator\Desktop\fastadmin\application\admin\controller\Ajax.php ]
[ info ] [ LANG ] C:\Users\Administrator\Desktop\fastadmin\public/../application/admin/lang/zh-cn/index.php
[ info ] [ BEHAVIOR ] Run app\admin\behavior\AdminLog @app_end [ RunTime:0.000380s ]
[ info ] [ LOG ] INIT File
---------------------------------------------------------------
[ 2019-07-27T10:51:39+08:00 ] 127.0.0.1 GET fastadmin.com/adminwenwen.php/ajax/lang?callback=define&controllername=dashboard&v=1564195899
[运行时间：0.071780s] [吞吐率：13.93req/s] [内存消耗：2,800.55kb] [文件加载：127]
[ info ] [ BEHAVIOR ] Run Closure @app_init [ RunTime:0.000017s ]
[ info ] [ CACHE ] INIT File
[ info ] [ BEHAVIOR ] Run Closure @app_init [ RunTime:0.002293s ]
[ info ] [ LANG ] C:\Users\Administrator\Desktop\fastadmin\thinkphp\lang\zh-cn.php
[ info ] [ ROUTE ] array (
  'type' => 'module',
  'module' => 
  array (
    0 => 'admin',
    1 => 'ajax',
    2 => 'lang',
  ),
)
[ info ] [ HEADER ] array (
  'cookie' => 'thinkphp_show_page_trace=0|0; __tad=1563182280.7010886; uid=1; token=09e182ed-a263-4242-a4d4-32e113f0fee7; Hm_lvt_f8d0a8c400404989e195270b0bbf060a=1563182408,1563334967; bdshare_firstime=1563959702098; PHPSESSID=57p3g2lgahodpbbrt5kj3blf9a; thinkphp_show_page_trace=0|0',
  'accept-language' => 'zh-CN,zh;q=0.9',
  'accept-encoding' => 'gzip, deflate',
  'referer' => 'http://fastadmin.com/adminwenwen.php/dashboard?addtabs=1',
  'accept' => '*/*',
  'user-agent' => 'Mozilla/5.0 (Windows NT 10.0; Win64; x64) AppleWebKit/537.36 (KHTML, like Gecko) Chrome/75.0.3770.142 Safari/537.36',
  'connection' => 'close',
  'host' => 'fastadmin.com',
)
[ info ] [ PARAM ] array (
  'callback' => 'define',
  'controllername' => 'dashboard',
  'v' => '1564195899',
)
[ info ] [ LANG ] C:\Users\Administrator\Desktop\fastadmin\public/../application/admin\lang\zh-cn.php
[ info ] [ BEHAVIOR ] Run app\common\behavior\Common @module_init [ RunTime:0.002302s ]
[ info ] [ SESSION ] INIT array (
  'id' => '',
  'var_session_id' => '',
  'prefix' => 'think',
  'type' => '',
  'auto_start' => true,
)
[ info ] [ LANG ] C:\Users\Administrator\Desktop\fastadmin\public/../application/admin/lang/zh-cn/ajax.php
[ info ] [ RUN ] app\admin\controller\Ajax->lang[ C:\Users\Administrator\Desktop\fastadmin\application\admin\controller\Ajax.php ]
[ info ] [ LANG ] C:\Users\Administrator\Desktop\fastadmin\public/../application/admin/lang/zh-cn/dashboard.php
[ info ] [ BEHAVIOR ] Run app\admin\behavior\AdminLog @app_end [ RunTime:0.000476s ]
[ info ] [ LOG ] INIT File
---------------------------------------------------------------
[ 2019-07-27T10:51:44+08:00 ] 127.0.0.1 GET fastadmin.com/adminwenwen.php/category?addtabs=1
[运行时间：0.127862s] [吞吐率：7.82req/s] [内存消耗：3,930.75kb] [文件加载：140]
[ info ] [ BEHAVIOR ] Run Closure @app_init [ RunTime:0.000015s ]
[ info ] [ CACHE ] INIT File
[ info ] [ BEHAVIOR ] Run Closure @app_init [ RunTime:0.002451s ]
[ info ] [ LANG ] C:\Users\Administrator\Desktop\fastadmin\thinkphp\lang\zh-cn.php
[ info ] [ ROUTE ] array (
  'type' => 'module',
  'module' => 
  array (
    0 => 'admin',
    1 => 'category',
    2 => NULL,
  ),
)
[ info ] [ HEADER ] array (
  'cookie' => 'thinkphp_show_page_trace=0|0; __tad=1563182280.7010886; uid=1; token=09e182ed-a263-4242-a4d4-32e113f0fee7; Hm_lvt_f8d0a8c400404989e195270b0bbf060a=1563182408,1563334967; bdshare_firstime=1563959702098; PHPSESSID=57p3g2lgahodpbbrt5kj3blf9a; thinkphp_show_page_trace=0|0',
  'accept-language' => 'zh-CN,zh;q=0.9',
  'accept-encoding' => 'gzip, deflate',
  'referer' => 'http://fastadmin.com/adminwenwen.php/category?ref=addtabs',
  'accept' => 'text/html,application/xhtml+xml,application/xml;q=0.9,image/webp,image/apng,*/*;q=0.8,application/signed-exchange;v=b3',
  'user-agent' => 'Mozilla/5.0 (Windows NT 10.0; Win64; x64) AppleWebKit/537.36 (KHTML, like Gecko) Chrome/75.0.3770.142 Safari/537.36',
  'upgrade-insecure-requests' => '1',
  'connection' => 'close',
  'host' => 'fastadmin.com',
)
[ info ] [ PARAM ] array (
  'addtabs' => '1',
)
[ info ] [ LANG ] C:\Users\Administrator\Desktop\fastadmin\public/../application/admin\lang\zh-cn.php
[ info ] [ BEHAVIOR ] Run app\common\behavior\Common @module_init [ RunTime:0.001731s ]
[ info ] [ SESSION ] INIT array (
  'id' => '',
  'var_session_id' => '',
  'prefix' => 'think',
  'type' => '',
  'auto_start' => true,
)
[ info ] [ DB ] INIT mysql
[ info ] [ LANG ] C:\Users\Administrator\Desktop\fastadmin\public/../application/admin/lang/zh-cn/category.php
[ info ] [ RUN ] app\admin\controller\Category->index[ C:\Users\Administrator\Desktop\fastadmin\application\admin\controller\Category.php ]
[ info ] [ VIEW ] C:\Users\Administrator\Desktop\fastadmin\public/../application/admin\view\category\index.html [ array (
  0 => 'breadcrumb',
  1 => 'site',
  2 => 'config',
  3 => 'auth',
  4 => 'admin',
  5 => 'flagList',
  6 => 'typeList',
  7 => 'parentList',
) ]
[ info ] [ BEHAVIOR ] Run app\admin\behavior\AdminLog @app_end [ RunTime:0.000410s ]
[ info ] [ LOG ] INIT File
[ sql ] [ DB ] CONNECT:[ UseTime:0.001855s ] mysql:host=127.0.0.1;dbname=fastadmin;charset=utf8
[ sql ] [ SQL ] SHOW COLUMNS FROM `fa_auth_group_access` [ RunTime:0.007650s ]
[ sql ] [ SQL ] SELECT `aga`.`uid`,`aga`.`group_id`,`ag`.`id`,`ag`.`pid`,`ag`.`name`,`ag`.`rules` FROM `fa_auth_group_access` `aga` LEFT JOIN `fa_auth_group` `ag` ON `aga`.`group_id`=`ag`.`id` WHERE  (  aga.uid='1' and ag.status='normal' ) [ RunTime:0.000435s ]
[ sql ] [ SQL ] SHOW COLUMNS FROM `fa_auth_rule` [ RunTime:0.008176s ]
[ sql ] [ SQL ] SELECT `id`,`pid`,`condition`,`icon`,`name`,`title`,`ismenu` FROM `fa_auth_rule` WHERE  `status` = 'normal' [ RunTime:0.000613s ]
[ sql ] [ SQL ] SHOW COLUMNS FROM `fa_category` [ RunTime:0.010308s ]
[ sql ] [ SQL ] SELECT * FROM `fa_category` ORDER BY `weigh` DESC,`id` DESC [ RunTime:0.000809s ]
[ sql ] [ SQL ] SELECT `title`,`remark` FROM `fa_auth_rule` WHERE  `name` = 'category' LIMIT 1 [ RunTime:0.000439s ]
---------------------------------------------------------------
[ 2019-07-27T10:51:44+08:00 ] 127.0.0.1 GET fastadmin.com/adminwenwen.php/ajax/lang?callback=define&controllername=category&v=1564195904
[运行时间：0.054431s] [吞吐率：18.37req/s] [内存消耗：2,798.21kb] [文件加载：127]
[ info ] [ BEHAVIOR ] Run Closure @app_init [ RunTime:0.000012s ]
[ info ] [ CACHE ] INIT File
[ info ] [ BEHAVIOR ] Run Closure @app_init [ RunTime:0.002222s ]
[ info ] [ LANG ] C:\Users\Administrator\Desktop\fastadmin\thinkphp\lang\zh-cn.php
[ info ] [ ROUTE ] array (
  'type' => 'module',
  'module' => 
  array (
    0 => 'admin',
    1 => 'ajax',
    2 => 'lang',
  ),
)
[ info ] [ HEADER ] array (
  'cookie' => 'thinkphp_show_page_trace=0|0; __tad=1563182280.7010886; uid=1; token=09e182ed-a263-4242-a4d4-32e113f0fee7; Hm_lvt_f8d0a8c400404989e195270b0bbf060a=1563182408,1563334967; bdshare_firstime=1563959702098; PHPSESSID=57p3g2lgahodpbbrt5kj3blf9a; thinkphp_show_page_trace=0|0',
  'accept-language' => 'zh-CN,zh;q=0.9',
  'accept-encoding' => 'gzip, deflate',
  'referer' => 'http://fastadmin.com/adminwenwen.php/category?addtabs=1',
  'accept' => '*/*',
  'user-agent' => 'Mozilla/5.0 (Windows NT 10.0; Win64; x64) AppleWebKit/537.36 (KHTML, like Gecko) Chrome/75.0.3770.142 Safari/537.36',
  'connection' => 'close',
  'host' => 'fastadmin.com',
)
[ info ] [ PARAM ] array (
  'callback' => 'define',
  'controllername' => 'category',
  'v' => '1564195904',
)
[ info ] [ LANG ] C:\Users\Administrator\Desktop\fastadmin\public/../application/admin\lang\zh-cn.php
[ info ] [ BEHAVIOR ] Run app\common\behavior\Common @module_init [ RunTime:0.001618s ]
[ info ] [ SESSION ] INIT array (
  'id' => '',
  'var_session_id' => '',
  'prefix' => 'think',
  'type' => '',
  'auto_start' => true,
)
[ info ] [ LANG ] C:\Users\Administrator\Desktop\fastadmin\public/../application/admin/lang/zh-cn/ajax.php
[ info ] [ RUN ] app\admin\controller\Ajax->lang[ C:\Users\Administrator\Desktop\fastadmin\application\admin\controller\Ajax.php ]
[ info ] [ LANG ] C:\Users\Administrator\Desktop\fastadmin\public/../application/admin/lang/zh-cn/category.php
[ info ] [ BEHAVIOR ] Run app\admin\behavior\AdminLog @app_end [ RunTime:0.000373s ]
[ info ] [ LOG ] INIT File
---------------------------------------------------------------
[ 2019-07-27T10:51:44+08:00 ] 127.0.0.1 GET fastadmin.com/adminwenwen.php/category/index?sort=weigh&order=desc&_=1564195904383
[运行时间：0.105842s] [吞吐率：9.45req/s] [内存消耗：3,783.90kb] [文件加载：136]
[ info ] [ BEHAVIOR ] Run Closure @app_init [ RunTime:0.000015s ]
[ info ] [ CACHE ] INIT File
[ info ] [ BEHAVIOR ] Run Closure @app_init [ RunTime:0.002214s ]
[ info ] [ LANG ] C:\Users\Administrator\Desktop\fastadmin\thinkphp\lang\zh-cn.php
[ info ] [ ROUTE ] array (
  'type' => 'module',
  'module' => 
  array (
    0 => 'admin',
    1 => 'category',
    2 => 'index',
  ),
)
[ info ] [ HEADER ] array (
  'cookie' => 'thinkphp_show_page_trace=0|0; __tad=1563182280.7010886; uid=1; token=09e182ed-a263-4242-a4d4-32e113f0fee7; Hm_lvt_f8d0a8c400404989e195270b0bbf060a=1563182408,1563334967; bdshare_firstime=1563959702098; PHPSESSID=57p3g2lgahodpbbrt5kj3blf9a; thinkphp_show_page_trace=0|0',
  'accept-language' => 'zh-CN,zh;q=0.9',
  'accept-encoding' => 'gzip, deflate',
  'referer' => 'http://fastadmin.com/adminwenwen.php/category?addtabs=1',
  'content-type' => 'application/json',
  'user-agent' => 'Mozilla/5.0 (Windows NT 10.0; Win64; x64) AppleWebKit/537.36 (KHTML, like Gecko) Chrome/75.0.3770.142 Safari/537.36',
  'x-requested-with' => 'XMLHttpRequest',
  'accept' => 'application/json, text/javascript, */*; q=0.01',
  'connection' => 'close',
  'host' => 'fastadmin.com',
)
[ info ] [ PARAM ] array (
  'sort' => 'weigh',
  'order' => 'desc',
  '_' => '1564195904383',
)
[ info ] [ LANG ] C:\Users\Administrator\Desktop\fastadmin\public/../application/admin\lang\zh-cn.php
[ info ] [ BEHAVIOR ] Run app\common\behavior\Common @module_init [ RunTime:0.001709s ]
[ info ] [ SESSION ] INIT array (
  'id' => '',
  'var_session_id' => '',
  'prefix' => 'think',
  'type' => '',
  'auto_start' => true,
)
[ info ] [ DB ] INIT mysql
[ info ] [ LANG ] C:\Users\Administrator\Desktop\fastadmin\public/../application/admin/lang/zh-cn/category.php
[ info ] [ RUN ] app\admin\controller\Category->index[ C:\Users\Administrator\Desktop\fastadmin\application\admin\controller\Category.php ]
[ info ] [ BEHAVIOR ] Run app\admin\behavior\AdminLog @app_end [ RunTime:0.000377s ]
[ info ] [ LOG ] INIT File
[ sql ] [ DB ] CONNECT:[ UseTime:0.011031s ] mysql:host=127.0.0.1;dbname=fastadmin;charset=utf8
[ sql ] [ SQL ] SHOW COLUMNS FROM `fa_auth_group_access` [ RunTime:0.007642s ]
[ sql ] [ SQL ] SELECT `aga`.`uid`,`aga`.`group_id`,`ag`.`id`,`ag`.`pid`,`ag`.`name`,`ag`.`rules` FROM `fa_auth_group_access` `aga` LEFT JOIN `fa_auth_group` `ag` ON `aga`.`group_id`=`ag`.`id` WHERE  (  aga.uid='1' and ag.status='normal' ) [ RunTime:0.000379s ]
[ sql ] [ SQL ] SHOW COLUMNS FROM `fa_auth_rule` [ RunTime:0.007447s ]
[ sql ] [ SQL ] SELECT `id`,`pid`,`condition`,`icon`,`name`,`title`,`ismenu` FROM `fa_auth_rule` WHERE  `status` = 'normal' [ RunTime:0.000546s ]
[ sql ] [ SQL ] SHOW COLUMNS FROM `fa_category` [ RunTime:0.007557s ]
[ sql ] [ SQL ] SELECT * FROM `fa_category` ORDER BY `weigh` DESC,`id` DESC [ RunTime:0.000753s ]
---------------------------------------------------------------
[ 2019-07-27T10:51:51+08:00 ] 127.0.0.1 GET fastadmin.com/adminwenwen.php/down?addtabs=1
[运行时间：0.106208s] [吞吐率：9.42req/s] [内存消耗：3,588.10kb] [文件加载：136]
[ info ] [ BEHAVIOR ] Run Closure @app_init [ RunTime:0.000019s ]
[ info ] [ CACHE ] INIT File
[ info ] [ BEHAVIOR ] Run Closure @app_init [ RunTime:0.002317s ]
[ info ] [ LANG ] C:\Users\Administrator\Desktop\fastadmin\thinkphp\lang\zh-cn.php
[ info ] [ ROUTE ] array (
  'type' => 'module',
  'module' => 
  array (
    0 => 'admin',
    1 => 'down',
    2 => NULL,
  ),
)
[ info ] [ HEADER ] array (
  'cookie' => 'thinkphp_show_page_trace=0|0; __tad=1563182280.7010886; uid=1; token=09e182ed-a263-4242-a4d4-32e113f0fee7; Hm_lvt_f8d0a8c400404989e195270b0bbf060a=1563182408,1563334967; bdshare_firstime=1563959702098; PHPSESSID=57p3g2lgahodpbbrt5kj3blf9a; thinkphp_show_page_trace=0|0',
  'accept-language' => 'zh-CN,zh;q=0.9',
  'accept-encoding' => 'gzip, deflate',
  'referer' => 'http://fastadmin.com/adminwenwen.php/down?ref=addtabs',
  'accept' => 'text/html,application/xhtml+xml,application/xml;q=0.9,image/webp,image/apng,*/*;q=0.8,application/signed-exchange;v=b3',
  'user-agent' => 'Mozilla/5.0 (Windows NT 10.0; Win64; x64) AppleWebKit/537.36 (KHTML, like Gecko) Chrome/75.0.3770.142 Safari/537.36',
  'upgrade-insecure-requests' => '1',
  'connection' => 'close',
  'host' => 'fastadmin.com',
)
[ info ] [ PARAM ] array (
  'addtabs' => '1',
)
[ info ] [ LANG ] C:\Users\Administrator\Desktop\fastadmin\public/../application/admin\lang\zh-cn.php
[ info ] [ BEHAVIOR ] Run app\common\behavior\Common @module_init [ RunTime:0.001731s ]
[ info ] [ SESSION ] INIT array (
  'id' => '',
  'var_session_id' => '',
  'prefix' => 'think',
  'type' => '',
  'auto_start' => true,
)
[ info ] [ DB ] INIT mysql
[ info ] [ LANG ] C:\Users\Administrator\Desktop\fastadmin\public/../application/admin/lang/zh-cn/down.php
[ info ] [ RUN ] app\common\controller\Backend->index[ C:\Users\Administrator\Desktop\fastadmin\application\admin\library\traits\Backend.php ]
[ info ] [ VIEW ] C:\Users\Administrator\Desktop\fastadmin\public/../application/admin\view\down\index.html [ array (
  0 => 'breadcrumb',
  1 => 'site',
  2 => 'config',
  3 => 'auth',
  4 => 'admin',
) ]
[ info ] [ BEHAVIOR ] Run app\admin\behavior\AdminLog @app_end [ RunTime:0.000378s ]
[ info ] [ LOG ] INIT File
[ sql ] [ DB ] CONNECT:[ UseTime:0.001859s ] mysql:host=127.0.0.1;dbname=fastadmin;charset=utf8
[ sql ] [ SQL ] SHOW COLUMNS FROM `fa_auth_group_access` [ RunTime:0.007899s ]
[ sql ] [ SQL ] SELECT `aga`.`uid`,`aga`.`group_id`,`ag`.`id`,`ag`.`pid`,`ag`.`name`,`ag`.`rules` FROM `fa_auth_group_access` `aga` LEFT JOIN `fa_auth_group` `ag` ON `aga`.`group_id`=`ag`.`id` WHERE  (  aga.uid='1' and ag.status='normal' ) [ RunTime:0.000388s ]
[ sql ] [ SQL ] SHOW COLUMNS FROM `fa_auth_rule` [ RunTime:0.007716s ]
[ sql ] [ SQL ] SELECT `id`,`pid`,`condition`,`icon`,`name`,`title`,`ismenu` FROM `fa_auth_rule` WHERE  `status` = 'normal' [ RunTime:0.000605s ]
[ sql ] [ SQL ] SELECT `title`,`remark` FROM `fa_auth_rule` WHERE  `name` = 'down' LIMIT 1 [ RunTime:0.000409s ]
---------------------------------------------------------------
[ 2019-07-27T10:51:51+08:00 ] 127.0.0.1 GET fastadmin.com/adminwenwen.php/ajax/lang?callback=define&controllername=down&v=1564195911
[运行时间：0.054952s] [吞吐率：18.20req/s] [内存消耗：2,797.99kb] [文件加载：127]
[ info ] [ BEHAVIOR ] Run Closure @app_init [ RunTime:0.000013s ]
[ info ] [ CACHE ] INIT File
[ info ] [ BEHAVIOR ] Run Closure @app_init [ RunTime:0.002112s ]
[ info ] [ LANG ] C:\Users\Administrator\Desktop\fastadmin\thinkphp\lang\zh-cn.php
[ info ] [ ROUTE ] array (
  'type' => 'module',
  'module' => 
  array (
    0 => 'admin',
    1 => 'ajax',
    2 => 'lang',
  ),
)
[ info ] [ HEADER ] array (
  'cookie' => 'thinkphp_show_page_trace=0|0; __tad=1563182280.7010886; uid=1; token=09e182ed-a263-4242-a4d4-32e113f0fee7; Hm_lvt_f8d0a8c400404989e195270b0bbf060a=1563182408,1563334967; bdshare_firstime=1563959702098; PHPSESSID=57p3g2lgahodpbbrt5kj3blf9a; thinkphp_show_page_trace=0|0',
  'accept-language' => 'zh-CN,zh;q=0.9',
  'accept-encoding' => 'gzip, deflate',
  'referer' => 'http://fastadmin.com/adminwenwen.php/down?addtabs=1',
  'accept' => '*/*',
  'user-agent' => 'Mozilla/5.0 (Windows NT 10.0; Win64; x64) AppleWebKit/537.36 (KHTML, like Gecko) Chrome/75.0.3770.142 Safari/537.36',
  'connection' => 'close',
  'host' => 'fastadmin.com',
)
[ info ] [ PARAM ] array (
  'callback' => 'define',
  'controllername' => 'down',
  'v' => '1564195911',
)
[ info ] [ LANG ] C:\Users\Administrator\Desktop\fastadmin\public/../application/admin\lang\zh-cn.php
[ info ] [ BEHAVIOR ] Run app\common\behavior\Common @module_init [ RunTime:0.001656s ]
[ info ] [ SESSION ] INIT array (
  'id' => '',
  'var_session_id' => '',
  'prefix' => 'think',
  'type' => '',
  'auto_start' => true,
)
[ info ] [ LANG ] C:\Users\Administrator\Desktop\fastadmin\public/../application/admin/lang/zh-cn/ajax.php
[ info ] [ RUN ] app\admin\controller\Ajax->lang[ C:\Users\Administrator\Desktop\fastadmin\application\admin\controller\Ajax.php ]
[ info ] [ LANG ] C:\Users\Administrator\Desktop\fastadmin\public/../application/admin/lang/zh-cn/down.php
[ info ] [ BEHAVIOR ] Run app\admin\behavior\AdminLog @app_end [ RunTime:0.000476s ]
[ info ] [ LOG ] INIT File
---------------------------------------------------------------
[ 2019-07-27T10:51:52+08:00 ] 127.0.0.1 GET fastadmin.com/adminwenwen.php/down/index?addtabs=1&sort=id&order=desc&offset=0&limit=10&filter=%7B%7D&op=%7B%7D&_=1564195911864
[运行时间：0.107449s] [吞吐率：9.31req/s] [内存消耗：3,585.41kb] [文件加载：136]
[ info ] [ BEHAVIOR ] Run Closure @app_init [ RunTime:0.000017s ]
[ info ] [ CACHE ] INIT File
[ info ] [ BEHAVIOR ] Run Closure @app_init [ RunTime:0.002272s ]
[ info ] [ LANG ] C:\Users\Administrator\Desktop\fastadmin\thinkphp\lang\zh-cn.php
[ info ] [ ROUTE ] array (
  'type' => 'module',
  'module' => 
  array (
    0 => 'admin',
    1 => 'down',
    2 => 'index',
  ),
)
[ info ] [ HEADER ] array (
  'cookie' => 'thinkphp_show_page_trace=0|0; __tad=1563182280.7010886; uid=1; token=09e182ed-a263-4242-a4d4-32e113f0fee7; Hm_lvt_f8d0a8c400404989e195270b0bbf060a=1563182408,1563334967; bdshare_firstime=1563959702098; PHPSESSID=57p3g2lgahodpbbrt5kj3blf9a; thinkphp_show_page_trace=0|0',
  'accept-language' => 'zh-CN,zh;q=0.9',
  'accept-encoding' => 'gzip, deflate',
  'referer' => 'http://fastadmin.com/adminwenwen.php/down?addtabs=1',
  'content-type' => 'application/json',
  'user-agent' => 'Mozilla/5.0 (Windows NT 10.0; Win64; x64) AppleWebKit/537.36 (KHTML, like Gecko) Chrome/75.0.3770.142 Safari/537.36',
  'x-requested-with' => 'XMLHttpRequest',
  'accept' => 'application/json, text/javascript, */*; q=0.01',
  'connection' => 'close',
  'host' => 'fastadmin.com',
)
[ info ] [ PARAM ] array (
  'addtabs' => '1',
  'sort' => 'id',
  'order' => 'desc',
  'offset' => '0',
  'limit' => '10',
  'filter' => '{}',
  'op' => '{}',
  '_' => '1564195911864',
)
[ info ] [ LANG ] C:\Users\Administrator\Desktop\fastadmin\public/../application/admin\lang\zh-cn.php
[ info ] [ BEHAVIOR ] Run app\common\behavior\Common @module_init [ RunTime:0.001674s ]
[ info ] [ SESSION ] INIT array (
  'id' => '',
  'var_session_id' => '',
  'prefix' => 'think',
  'type' => '',
  'auto_start' => true,
)
[ info ] [ DB ] INIT mysql
[ info ] [ LANG ] C:\Users\Administrator\Desktop\fastadmin\public/../application/admin/lang/zh-cn/down.php
[ info ] [ RUN ] app\common\controller\Backend->index[ C:\Users\Administrator\Desktop\fastadmin\application\admin\library\traits\Backend.php ]
[ info ] [ BEHAVIOR ] Run app\admin\behavior\AdminLog @app_end [ RunTime:0.000356s ]
[ info ] [ LOG ] INIT File
[ sql ] [ DB ] CONNECT:[ UseTime:0.010467s ] mysql:host=127.0.0.1;dbname=fastadmin;charset=utf8
[ sql ] [ SQL ] SHOW COLUMNS FROM `fa_auth_group_access` [ RunTime:0.007421s ]
[ sql ] [ SQL ] SELECT `aga`.`uid`,`aga`.`group_id`,`ag`.`id`,`ag`.`pid`,`ag`.`name`,`ag`.`rules` FROM `fa_auth_group_access` `aga` LEFT JOIN `fa_auth_group` `ag` ON `aga`.`group_id`=`ag`.`id` WHERE  (  aga.uid='1' and ag.status='normal' ) [ RunTime:0.000347s ]
[ sql ] [ SQL ] SHOW COLUMNS FROM `fa_auth_rule` [ RunTime:0.007556s ]
[ sql ] [ SQL ] SELECT `id`,`pid`,`condition`,`icon`,`name`,`title`,`ismenu` FROM `fa_auth_rule` WHERE  `status` = 'normal' [ RunTime:0.000564s ]
[ sql ] [ SQL ] SHOW COLUMNS FROM `fa_down` [ RunTime:0.009629s ]
[ sql ] [ SQL ] SELECT COUNT(*) AS tp_count FROM `fa_down` ORDER BY `id` DESC LIMIT 1 [ RunTime:0.000772s ]
[ sql ] [ SQL ] SELECT * FROM `fa_down` ORDER BY `id` DESC LIMIT 0,10 [ RunTime:0.001086s ]
---------------------------------------------------------------
[ 2019-07-27T10:51:59+08:00 ] 127.0.0.1 GET fastadmin.com/adminwenwen.php/down?ref=addtabs
[运行时间：0.086725s] [吞吐率：11.53req/s] [内存消耗：3,270.84kb] [文件加载：131]
[ info ] [ BEHAVIOR ] Run Closure @app_init [ RunTime:0.000022s ]
[ info ] [ CACHE ] INIT File
[ info ] [ BEHAVIOR ] Run Closure @app_init [ RunTime:0.002643s ]
[ info ] [ LANG ] C:\Users\Administrator\Desktop\fastadmin\thinkphp\lang\zh-cn.php
[ info ] [ ROUTE ] array (
  'type' => 'module',
  'module' => 
  array (
    0 => 'admin',
    1 => 'down',
    2 => NULL,
  ),
)
[ info ] [ HEADER ] array (
  'cookie' => 'thinkphp_show_page_trace=0|0; __tad=1563182280.7010886; uid=1; token=09e182ed-a263-4242-a4d4-32e113f0fee7; Hm_lvt_f8d0a8c400404989e195270b0bbf060a=1563182408,1563334967; bdshare_firstime=1563959702098; PHPSESSID=57p3g2lgahodpbbrt5kj3blf9a; thinkphp_show_page_trace=0|0',
  'accept-language' => 'zh-CN,zh;q=0.9',
  'accept-encoding' => 'gzip, deflate',
  'accept' => 'text/html,application/xhtml+xml,application/xml;q=0.9,image/webp,image/apng,*/*;q=0.8,application/signed-exchange;v=b3',
  'user-agent' => 'Mozilla/5.0 (Windows NT 10.0; Win64; x64) AppleWebKit/537.36 (KHTML, like Gecko) Chrome/75.0.3770.142 Safari/537.36',
  'upgrade-insecure-requests' => '1',
  'connection' => 'close',
  'host' => 'fastadmin.com',
)
[ info ] [ PARAM ] array (
  'ref' => 'addtabs',
)
[ info ] [ LANG ] C:\Users\Administrator\Desktop\fastadmin\public/../application/admin\lang\zh-cn.php
[ info ] [ BEHAVIOR ] Run app\common\behavior\Common @module_init [ RunTime:0.001668s ]
[ info ] [ SESSION ] INIT array (
  'id' => '',
  'var_session_id' => '',
  'prefix' => 'think',
  'type' => '',
  'auto_start' => true,
)
[ info ] [ DB ] INIT mysql
[ info ] [ BEHAVIOR ] Run app\admin\behavior\AdminLog @app_end [ RunTime:0.000437s ]
[ info ] [ LOG ] INIT File
[ sql ] [ DB ] CONNECT:[ UseTime:0.001610s ] mysql:host=127.0.0.1;dbname=fastadmin;charset=utf8
[ sql ] [ SQL ] SHOW COLUMNS FROM `fa_auth_group_access` [ RunTime:0.008467s ]
[ sql ] [ SQL ] SELECT `aga`.`uid`,`aga`.`group_id`,`ag`.`id`,`ag`.`pid`,`ag`.`name`,`ag`.`rules` FROM `fa_auth_group_access` `aga` LEFT JOIN `fa_auth_group` `ag` ON `aga`.`group_id`=`ag`.`id` WHERE  (  aga.uid='1' and ag.status='normal' ) [ RunTime:0.000401s ]
[ sql ] [ SQL ] SHOW COLUMNS FROM `fa_auth_rule` [ RunTime:0.007845s ]
[ sql ] [ SQL ] SELECT `id`,`pid`,`condition`,`icon`,`name`,`title`,`ismenu` FROM `fa_auth_rule` WHERE  `status` = 'normal' [ RunTime:0.000587s ]
---------------------------------------------------------------
[ 2019-07-27T10:51:59+08:00 ] 127.0.0.1 GET fastadmin.com/adminwenwen.php/index/index
[运行时间：0.141393s] [吞吐率：7.07req/s] [内存消耗：3,769.70kb] [文件加载：147]
[ info ] [ BEHAVIOR ] Run Closure @app_init [ RunTime:0.000013s ]
[ info ] [ CACHE ] INIT File
[ info ] [ BEHAVIOR ] Run Closure @app_init [ RunTime:0.002088s ]
[ info ] [ LANG ] C:\Users\Administrator\Desktop\fastadmin\thinkphp\lang\zh-cn.php
[ info ] [ ROUTE ] array (
  'type' => 'module',
  'module' => 
  array (
    0 => 'admin',
    1 => 'index',
    2 => 'index',
  ),
)
[ info ] [ HEADER ] array (
  'cookie' => 'thinkphp_show_page_trace=0|0; thinkphp_show_page_trace=0|0; __tad=1563182280.7010886; uid=1; token=09e182ed-a263-4242-a4d4-32e113f0fee7; Hm_lvt_f8d0a8c400404989e195270b0bbf060a=1563182408,1563334967; bdshare_firstime=1563959702098; PHPSESSID=57p3g2lgahodpbbrt5kj3blf9a; thinkphp_show_page_trace=0|0',
  'accept-language' => 'zh-CN,zh;q=0.9',
  'accept-encoding' => 'gzip, deflate',
  'accept' => 'text/html,application/xhtml+xml,application/xml;q=0.9,image/webp,image/apng,*/*;q=0.8,application/signed-exchange;v=b3',
  'user-agent' => 'Mozilla/5.0 (Windows NT 10.0; Win64; x64) AppleWebKit/537.36 (KHTML, like Gecko) Chrome/75.0.3770.142 Safari/537.36',
  'upgrade-insecure-requests' => '1',
  'connection' => 'close',
  'host' => 'fastadmin.com',
)
[ info ] [ PARAM ] array (
)
[ info ] [ LANG ] C:\Users\Administrator\Desktop\fastadmin\public/../application/admin\lang\zh-cn.php
[ info ] [ BEHAVIOR ] Run app\common\behavior\Common @module_init [ RunTime:0.001752s ]
[ info ] [ SESSION ] INIT array (
  'id' => '',
  'var_session_id' => '',
  'prefix' => 'think',
  'type' => '',
  'auto_start' => true,
)
[ info ] [ LANG ] C:\Users\Administrator\Desktop\fastadmin\public/../application/admin/lang/zh-cn/index.php
[ info ] [ RUN ] app\admin\controller\Index->index[ C:\Users\Administrator\Desktop\fastadmin\application\admin\controller\Index.php ]
[ info ] [ DB ] INIT mysql
[ info ] [ VIEW ] C:\Users\Administrator\Desktop\fastadmin\public/../application/admin\view\index\index.html [ array (
  0 => 'breadcrumb',
  1 => 'site',
  2 => 'config',
  3 => 'auth',
  4 => 'admin',
  5 => 'menulist',
  6 => 'navlist',
  7 => 'fixedmenu',
  8 => 'referermenu',
  9 => 'title',
) ]
[ info ] [ BEHAVIOR ] Run app\admin\behavior\AdminLog @app_end [ RunTime:0.000366s ]
[ info ] [ LOG ] INIT File
[ sql ] [ DB ] CONNECT:[ UseTime:0.010981s ] mysql:host=127.0.0.1;dbname=fastadmin;charset=utf8
[ sql ] [ SQL ] SHOW COLUMNS FROM `fa_auth_group_access` [ RunTime:0.013060s ]
[ sql ] [ SQL ] SELECT `aga`.`uid`,`aga`.`group_id`,`ag`.`id`,`ag`.`pid`,`ag`.`name`,`ag`.`rules` FROM `fa_auth_group_access` `aga` LEFT JOIN `fa_auth_group` `ag` ON `aga`.`group_id`=`ag`.`id` WHERE  (  aga.uid='1' and ag.status='normal' ) [ RunTime:0.000359s ]
[ sql ] [ SQL ] SHOW COLUMNS FROM `fa_auth_rule` [ RunTime:0.008000s ]
[ sql ] [ SQL ] SELECT `id`,`pid`,`condition`,`icon`,`name`,`title`,`ismenu` FROM `fa_auth_rule` WHERE  `status` = 'normal' [ RunTime:0.000568s ]
[ sql ] [ SQL ] SELECT `name`,`pid` FROM `fa_auth_rule` WHERE  `status` = 'normal'  AND `ismenu` = 0  AND `name` LIKE '%/index' [ RunTime:0.000345s ]
---------------------------------------------------------------
[ 2019-07-27T10:51:59+08:00 ] 127.0.0.1 GET fastadmin.com/favicon.ico
[运行时间：0.054494s] [吞吐率：18.35req/s] [内存消耗：1,716.03kb] [文件加载：110]
[ info ] [ BEHAVIOR ] Run Closure @app_init [ RunTime:0.000018s ]
[ info ] [ CACHE ] INIT File
[ info ] [ BEHAVIOR ] Run Closure @app_init [ RunTime:0.002794s ]
[ info ] [ LANG ] C:\Users\Administrator\Desktop\fastadmin\thinkphp\lang\zh-cn.php
[ info ] [ ROUTE ] array (
  'type' => 'module',
  'module' => 
  array (
    0 => 'favicon.ico',
    1 => NULL,
    2 => NULL,
  ),
)
[ info ] [ HEADER ] array (
  'cookie' => '__tad=1563182280.7010886; uid=1; token=09e182ed-a263-4242-a4d4-32e113f0fee7; Hm_lvt_f8d0a8c400404989e195270b0bbf060a=1563182408,1563334967; bdshare_firstime=1563959702098; PHPSESSID=57p3g2lgahodpbbrt5kj3blf9a; thinkphp_show_page_trace=0|0',
  'accept-language' => 'zh-CN,zh;q=0.9',
  'accept-encoding' => 'gzip, deflate',
  'referer' => 'http://fastadmin.com/adminwenwen.php/index/index',
  'accept' => 'image/webp,image/apng,image/*,*/*;q=0.8',
  'user-agent' => 'Mozilla/5.0 (Windows NT 10.0; Win64; x64) AppleWebKit/537.36 (KHTML, like Gecko) Chrome/75.0.3770.142 Safari/537.36',
  'connection' => 'close',
  'host' => 'fastadmin.com',
)
[ info ] [ PARAM ] array (
)
[ info ] [ LOG ] INIT File
